# TM-D700 P2 MITM — Stage 2.5 decoded capture, 2026-07-04
# Findings folded into tmd700_tag_reference.md. Idle keepalives suppressed; [ms] timestamps.
# Notables: e/6/m/T/4C tags, 0x97/0xA7 keycodes, [=data-rate ([0=1200 [4=9600),
#           APRS RX (T tag), and the end-of-session 9600 reboot-loop incident.

[   56925] HEAD: [0x80]0
[   56927] BODY: 00
[   59123] HEAD: [0x80]1
[   59124] BODY: 01
[   59224] BODY: i
[   59224] BODY: ;1
[   59225] BODY: [0xCC]7
[   59225] BODY: j0
[   59227] BODY: dHELLO !!
[   59227] BODY: 11
[   59228] HEAD: [0xC0]09
[   59228] BODY: 50
[   59228] BODY: =0
[   59229] BODY: Z0
[   59229] HEAD: [0xC1]10
[   59229] BODY: [0
[   59230] BODY: 700
[   59230] HEAD: [0xC2]0B
[   59231] BODY: F0
[   59231] BODY: J0
[   59231] HEAD: [0xC3]00
[   59232] BODY: L00
[   59232] BODY: B0
[   59233] BODY: @0
[   59233] BODY: D0
[   59234] BODY: G0
[   59234] BODY: K0
[   59235] BODY: M00
[   59236] BODY: C0
[   59236] BODY: A0
[   59237] BODY: E0
[   59237] BODY: 20
[   59238] BODY: 40
[   59238] BODY: k0
[   59239] BODY: X000
[   59240] BODY: H000
[   59242] BODY: R0        
[   59244] BODY: N0144.000  
[   59245] BODY: P0   
[   59246] BODY: Y000
[   59247] BODY: I000
[   59249] BODY: S0        
[   59251] BODY: O0440.000  
[   59252] BODY: P0   
[   59253] BODY: Q0   
[   60342] BODY: 0
[   60343] BODY: P0   
[   89597] HEAD: [0x80]0
[   89599] BODY: 00
[  101396] HEAD: [0x80]1
[  101397] BODY: 01
[  101404] HEAD: [0xA7]
[  101497] BODY: i
[  101497] BODY: ;1
[  101498] BODY: [0xCC]7
[  101498] BODY: j0
[  101500] BODY: dHELLO !!
[  101500] BODY: 11
[  101501] BODY: 50
[  101501] BODY: =0
[  101502] HEAD: [0xC0]09
[  101502] BODY: Z0
[  101503] BODY: [0
[  101503] HEAD: [0xC1]10
[  101503] BODY: 700
[  101504] BODY: F0
[  101504] HEAD: [0xC2]0B
[  101504] BODY: J0
[  101505] BODY: L00
[  101505] HEAD: [0xC3]00
[  101506] BODY: B0
[  101506] BODY: @0
[  101507] BODY: D0
[  101507] BODY: G0
[  101508] BODY: K0
[  101508] BODY: M00
[  101509] BODY: C0
[  101509] BODY: A0
[  101510] BODY: E0
[  101510] BODY: 20
[  101511] BODY: 40
[  101511] BODY: k0
[  101512] BODY: X000
[  101513] BODY: H000
[  101515] BODY: R0        
[  101517] BODY: N0144.000  
[  101518] BODY: P0   
[  101519] BODY: Y000
[  101520] BODY: I000
[  101522] BODY: S0        
[  101524] BODY: O0440.000  
[  101525] BODY: P0   
[  101526] BODY: Q0   
[  101621] BODY: e1
[  101622] BODY: P0   
[  102615] BODY: 0
[  102616] BODY: P0   
[  104102] HEAD: [0xB0]
[  127487] HEAD: [0x80]0
[  127489] BODY: 00
[  607018] HEAD: [0x80]1
[  607019] BODY: 01
[  607118] BODY: i
[  607119] BODY: ;1
[  607119] BODY: [0xCC]7
[  607120] BODY: j0
[  607122] BODY: dHELLO !!
[  607122] BODY: 11
[  607123] BODY: 50
[  607123] HEAD: [0xC0]09
[  607123] BODY: =0
[  607124] BODY: Z0
[  607124] HEAD: [0xC1]10
[  607124] BODY: [0
[  607125] BODY: 700
[  607125] HEAD: [0xC2]0B
[  607125] BODY: F0
[  607126] BODY: J0
[  607126] HEAD: [0xC3]00
[  607127] BODY: L00
[  607127] BODY: B0
[  607128] BODY: @0
[  607128] BODY: D0
[  607129] BODY: G0
[  607129] BODY: K0
[  607130] BODY: M00
[  607130] BODY: C0
[  607131] BODY: A0
[  607131] BODY: E0
[  607132] BODY: 20
[  607133] BODY: 40
[  607133] BODY: k0
[  607134] BODY: X000
[  607135] BODY: H000
[  607137] BODY: R0        
[  607139] BODY: N0144.000  
[  607140] BODY: P0   
[  607141] BODY: Y000
[  607142] BODY: I000
[  607143] BODY: S0        
[  607146] BODY: O0440.000  
[  607147] BODY: P0   
[  607148] BODY: Q0   
[  607148] BODY: e1
[  608236] BODY: 0
[  608237] BODY: P0   
[  611005] HEAD: [0x80]0
[  611006] BODY: 00
[  613121] HEAD: [0x80]1
[  613122] BODY: 01
[  613130] HEAD: [0xA7]
[  613222] BODY: i
[  613222] BODY: ;1
[  613223] BODY: [0xCC]7
[  613223] BODY: j0
[  613225] BODY: dHELLO !!
[  613226] BODY: 11
[  613226] BODY: 50
[  613227] BODY: =0
[  613227] HEAD: [0xC0]09
[  613227] BODY: Z0
[  613228] BODY: [0
[  613228] HEAD: [0xC1]10
[  613228] BODY: 700
[  613229] BODY: F0
[  613229] HEAD: [0xC2]0B
[  613230] BODY: J0
[  613230] BODY: L00
[  613230] HEAD: [0xC3]00
[  613231] BODY: B0
[  613231] BODY: @0
[  613232] BODY: D0
[  613232] BODY: G0
[  613233] BODY: K0
[  613234] BODY: M00
[  613234] BODY: C0
[  613235] BODY: A0
[  613235] BODY: E0
[  613236] BODY: 20
[  613236] BODY: 40
[  613237] BODY: k0
[  613237] BODY: X000
[  613238] BODY: H000
[  613240] BODY: R0        
[  613242] BODY: N0144.000  
[  613243] BODY: P0   
[  613244] BODY: Y000
[  613245] BODY: I000
[  613247] BODY: S0        
[  613249] BODY: O0440.000  
[  613250] BODY: P0   
[  613251] BODY: Q0   
[  613252] BODY: e1
[  613346] BODY: e0
[  613347] BODY: P0   
[  614339] BODY: 0
[  614340] BODY: P0   
[  614534] HEAD: [0xB0]
[  616966] HEAD: [0x80]0
[  616967] BODY: 00
[  823998] HEAD: [0x80]1
[  823999] BODY: 01
[  824099] BODY: i
[  824099] BODY: ;1
[  824100] BODY: [0xCC]7
[  824100] BODY: j0
[  824102] BODY: dHELLO !!
[  824102] BODY: 11
[  824103] BODY: 50
[  824103] HEAD: [0xC0]09
[  824103] BODY: =0
[  824104] BODY: Z0
[  824104] HEAD: [0xC1]10
[  824105] BODY: [0
[  824105] BODY: 700
[  824106] HEAD: [0xC2]0B
[  824106] BODY: F0
[  824106] BODY: J0
[  824107] HEAD: [0xC3]00
[  824107] BODY: L00
[  824107] BODY: B0
[  824108] BODY: @0
[  824108] BODY: D0
[  824109] BODY: G0
[  824110] BODY: K0
[  824110] BODY: M00
[  824111] BODY: C0
[  824111] BODY: A0
[  824112] BODY: E0
[  824112] BODY: 20
[  824113] BODY: 40
[  824113] BODY: k0
[  824114] BODY: X000
[  824115] BODY: H000
[  824117] BODY: R0        
[  824119] BODY: N0144.000  
[  824120] BODY: P0   
[  824121] BODY: Y000
[  824122] BODY: I000
[  824124] BODY: S0        
[  824126] BODY: O0440.000  
[  824127] BODY: P0   
[  824128] BODY: Q0   
[  825217] BODY: 0
[  825218] BODY: P0   
[  830300] HEAD: [0x8F]01
[  830307] BODY: R0        
[  830309] BODY: N0144.005  
[  830310] BODY: P0   
[  830480] HEAD: [0x8F]01
[  830487] BODY: R0        
[  830489] BODY: N0144.010  
[  830490] BODY: P0   
[  830601] HEAD: [0x8F]01
[  830607] BODY: R0        
[  830609] BODY: N0144.015  
[  830610] BODY: P0   
[  830661] HEAD: [0x8F]01
[  830667] BODY: R0        
[  830669] BODY: N0144.020  
[  830671] BODY: P0   
[  830720] HEAD: [0x8F]01
[  830728] BODY: R0        
[  830730] BODY: N0144.025  
[  830731] BODY: P0   
[  830780] HEAD: [0x8F]02
[  830788] BODY: R0        
[  830790] BODY: N0144.035  
[  830791] BODY: P0   
[  830840] HEAD: [0x8F]02
[  830847] BODY: R0        
[  830850] BODY: N0144.045  
[  830851] BODY: P0   
[  830900] HEAD: [0x8F]01
[  830908] BODY: R0        
[  830910] BODY: N0144.050  
[  830911] BODY: P0   
[  830960] HEAD: [0x8F]01
[  830968] BODY: R0        
[  830970] BODY: N0144.055  
[  830971] BODY: P0   
[  831321] HEAD: [0x8F]01
[  831329] BODY: R0        
[  831331] BODY: N0144.060  
[  831332] BODY: P0   
[  831380] HEAD: [0x8F]01
[  831388] BODY: R0        
[  831390] BODY: N0144.065  
[  831391] BODY: P0   
[  831441] HEAD: [0x8F]01
[  831445] BODY: R0        
[  831447] BODY: N0144.070  
[  831448] BODY: P0   
[  831501] HEAD: [0x8F]02
[  831506] BODY: R0        
[  831508] BODY: N0144.080  
[  831509] BODY: P0   
[  831561] HEAD: [0x8F]01
[  831568] BODY: R0        
[  831570] BODY: N0144.085  
[  831571] BODY: P0   
[  831621] HEAD: [0x8F]01
[  831625] BODY: R0        
[  831627] BODY: N0144.090  
[  831628] BODY: P0   
[  831681] HEAD: [0x8F]01
[  831686] BODY: R0        
[  831688] BODY: N0144.095  
[  831689] BODY: P0   
[  831741] HEAD: [0x8F]01
[  831748] BODY: R0        
[  831750] BODY: N0144.100  
[  831751] BODY: P0   
[  832101] HEAD: [0x8F]01
[  832110] BODY: R0        
[  832112] BODY: N0144.105  
[  832113] BODY: P0   
[  832161] HEAD: [0x8F]01
[  832166] BODY: R0        
[  832168] BODY: N0144.110  
[  832169] BODY: P0   
[  832221] HEAD: [0x8F]02
[  832226] BODY: R0        
[  832228] BODY: N0144.120  
[  832229] BODY: P0   
[  832281] HEAD: [0x8F]02
[  832286] BODY: R0        
[  832288] BODY: N0144.130  
[  832289] BODY: P0   
[  832341] HEAD: [0x8F]01
[  832346] BODY: R0        
[  832348] BODY: N0144.135  
[  832349] BODY: P0   
[  832401] HEAD: [0x8F]01
[  832406] BODY: R0        
[  832409] BODY: N0144.140  
[  832410] BODY: P0   
[  832461] HEAD: [0x8F]01
[  832466] BODY: R0        
[  832468] BODY: N0144.145  
[  832469] BODY: P0   
[  832761] HEAD: [0x8F]01
[  832766] BODY: R0        
[  832769] BODY: N0144.150  
[  832770] BODY: P0   
[  832821] HEAD: [0x8F]01
[  832827] BODY: R0        
[  832829] BODY: N0144.155  
[  832830] BODY: P0   
[  832881] HEAD: [0x8F]01
[  832886] BODY: R0        
[  832888] BODY: N0144.160  
[  832889] BODY: P0   
[  832941] HEAD: [0x8F]02
[  832947] BODY: R0        
[  832949] BODY: N0144.170  
[  832950] BODY: P0   
[  833001] HEAD: [0x8F]01
[  833006] BODY: R0        
[  833008] BODY: N0144.175  
[  833009] BODY: P0   
[  833061] HEAD: [0x8F]01
[  833066] BODY: R0        
[  833068] BODY: N0144.180  
[  833069] BODY: P0   
[  833421] HEAD: [0x8F]03
[  833427] BODY: R0        
[  833429] BODY: N0144.195  
[  833430] BODY: P0   
[  833481] HEAD: [0x8F]02
[  833487] BODY: R0        
[  833489] BODY: N0144.205  
[  833490] BODY: P0   
[  833541] HEAD: [0x8F]03
[  833548] BODY: R0        
[  833550] BODY: N0144.220  
[  833551] BODY: P0   
[  833601] HEAD: [0x8F]02
[  833607] BODY: R0        
[  833609] BODY: N0144.230  
[  833610] BODY: P0   
[  833901] HEAD: [0x8F]01
[  833907] BODY: R0        
[  833909] BODY: N0144.235  
[  833910] BODY: P0   
[  833961] HEAD: [0x8F]02
[  833967] BODY: R0        
[  833969] BODY: N0144.245  
[  833970] BODY: P0   
[  834021] HEAD: [0x8F]03
[  834028] BODY: R0        
[  834030] BODY: N0144.260  
[  834031] BODY: P0   
[  834081] HEAD: [0x8F]03
[  834088] BODY: R0        
[  834090] BODY: N0144.275  
[  834091] BODY: P0   
[  834141] HEAD: [0x8F]02
[  834147] BODY: R0        
[  834149] BODY: N0144.285  
[  834150] BODY: P0   
[  834201] HEAD: [0x8F]01
[  834208] BODY: R0        
[  834210] BODY: N0144.290  
[  834211] BODY: P0   
[  834561] HEAD: [0x8F]01
[  834568] BODY: R0        
[  834570] BODY: N0144.295  
[  834571] BODY: P0   
[  834621] HEAD: [0x8F]01
[  834628] BODY: R0        
[  834630] BODY: N0144.300  
[  834631] BODY: P0   
[  834681] HEAD: [0x8F]01
[  834688] BODY: R0        
[  834690] BODY: N0144.305  
[  834691] BODY: P0   
[  834741] HEAD: [0x8F]01
[  834749] BODY: R0        
[  834751] BODY: N0144.310  
[  834752] BODY: P0   
[  834801] HEAD: [0x8F]02
[  834809] BODY: R0        
[  834811] BODY: N0144.320  
[  834812] BODY: P0   
[  834861] HEAD: [0x8F]01
[  834869] BODY: R0        
[  834871] BODY: N0144.325  
[  834872] BODY: P0   
[  835282] HEAD: [0x8F]01
[  835288] BODY: R0        
[  835290] BODY: N0144.330  
[  835291] BODY: P0   
[  835342] HEAD: [0x8F]01
[  835349] BODY: R0        
[  835351] BODY: N0144.335  
[  835352] BODY: P0   
[  835401] HEAD: [0x8F]01
[  835409] BODY: R0        
[  835411] BODY: N0144.340  
[  835412] BODY: P0   
[  835522] HEAD: [0x8F]01
[  835529] BODY: R0        
[  835531] BODY: N0144.345  
[  835533] BODY: P0   
[  835582] HEAD: [0x8F]01
[  835589] BODY: R0        
[  835591] BODY: N0144.350  
[  835592] BODY: P0   
[  835702] HEAD: [0x8F]01
[  835709] BODY: R0        
[  835711] BODY: N0144.355  
[  835712] BODY: P0   
[  835762] HEAD: [0x8F]01
[  835770] BODY: R0        
[  835772] BODY: N0144.360  
[  835773] BODY: P0   
[  835942] HEAD: [0x8F]01
[  835946] BODY: R0        
[  835949] BODY: N0144.365  
[  835950] BODY: P0   
[  836242] HEAD: [0x8F]01
[  836247] BODY: R0        
[  836249] BODY: N0144.370  
[  836250] BODY: P0   
[  836422] HEAD: [0x8F]01
[  836427] BODY: R0        
[  836429] BODY: N0144.375  
[  836430] BODY: P0   
[  836662] HEAD: [0x8F]01
[  836667] BODY: R0        
[  836670] BODY: N0144.380  
[  836671] BODY: P0   
[  836842] HEAD: [0x8F]01
[  836847] BODY: R0        
[  836849] BODY: N0144.385  
[  836850] BODY: P0   
[  837082] HEAD: [0x8F]01
[  837086] BODY: R0        
[  837088] BODY: N0144.390  
[  837089] BODY: P0   
[  837262] HEAD: [0x8F]01
[  837267] BODY: R0        
[  837269] BODY: N0144.395  
[  837270] BODY: P0   
[  837922] HEAD: [0x8F]01
[  837928] BODY: R0        
[  837930] BODY: N0144.400  
[  837931] BODY: P0   
[  838462] HEAD: [0x8F]FF
[  838468] BODY: R0        
[  838470] BODY: N0144.395  
[  838471] BODY: P0   
[  838702] HEAD: [0x8F]FF
[  838709] BODY: R0        
[  838711] BODY: N0144.390  
[  838712] BODY: P0   
[  841511] HEAD: [0x82]
[  841514] BODY: 22
[  841516] BODY: b0111000
[  841665] HEAD: [0xB0]
[  844140] HEAD: [0x8F]01
[  844145] BODY: b0201000
[  845413] HEAD: [0x8F]01
[  845418] BODY: b0301000
[  849423] HEAD: [0x8C]
[  849426] BODY: b0301200
[  849430] BODY: c000        NOCALL    
[  849594] HEAD: [0xB0]
[  851829] HEAD: [0x8F]01
[  851835] BODY: b0302200
[  851839] BODY: c000          NOT USED
[  852701] HEAD: [0x8F]FF
[  852704] BODY: b0301200
[  852708] BODY: c000        NOCALL    
[  854350] HEAD: [0x8C]
[  854354] BODY: b03014B0
[  854358] BODY: c009       [0x06]NOCALL[0x14][0x14][0x14][0x0F]
[  854595] HEAD: [0xB0]
[  855725] HEAD: [0x8F]01
[  855730] BODY: b0301
[  855734] BODY: c009       [0x06]OOCALL[0x14][0x14][0x14][0x0F]
[  856497] HEAD: [0x8F]FF
[  856503] BODY: b0301
[  856507] BODY: c009       [0x06]NOCALL[0x14][0x14][0x14][0x0F]
[  856590] HEAD: [0x8F]FF
[  856596] BODY: b0301
[  856600] BODY: c009       [0x06]MOCALL[0x14][0x14][0x14][0x0F]
[  856762] HEAD: [0x8F]FF
[  856768] BODY: b0301
[  856772] BODY: c009       [0x06]LOCALL[0x14][0x14][0x14][0x0F]
[  857323] HEAD: [0x8F]FF
[  857329] BODY: b0301
[  857333] BODY: c009       [0x06]KOCALL[0x14][0x14][0x14][0x0F]
[  857476] HEAD: [0x8F]FF
[  857480] BODY: b0301
[  857484] BODY: c009       [0x06]JOCALL[0x14][0x14][0x14][0x0F]
[  858187] HEAD: [0x8F]01
[  858190] BODY: b0301
[  858194] BODY: c009       [0x06]KOCALL[0x14][0x14][0x14][0x0F]
[  859761] HEAD: [0x8A]
[  859763] BODY: c510
[  859941] HEAD: [0xB0]
[  860265] HEAD: [0x8F]01
[  860268] BODY: b0301
[  860272] BODY: c010       [0x06]KPCALL[0x14][0x14][0x14][0x0F]
[  860779] HEAD: [0x8F]01
[  860784] BODY: b0301
[  860788] BODY: c010       [0x06]KQCALL[0x14][0x14][0x14][0x0F]
[  860931] HEAD: [0x8F]01
[  860936] BODY: b0301
[  860940] BODY: c010       [0x06]KRCALL[0x14][0x14][0x14][0x0F]
[  861143] HEAD: [0x8F]01
[  861148] BODY: b0301
[  861152] BODY: c010       [0x06]KSCALL[0x14][0x14][0x14][0x0F]
[  861295] HEAD: [0x8F]01
[  861298] BODY: b0301
[  861302] BODY: c010       [0x06]KTCALL[0x14][0x14][0x14][0x0F]
[  861545] HEAD: [0x8F]01
[  861550] BODY: b0301
[  861554] BODY: c010       [0x06]KUCALL[0x14][0x14][0x14][0x0F]
[  862104] HEAD: [0x8F]02
[  862109] BODY: b0301
[  862113] BODY: c010       [0x06]KWCALL[0x14][0x14][0x14][0x0F]
[  862196] HEAD: [0x8F]01
[  862202] BODY: b0301
[  862206] BODY: c010       [0x06]KXCALL[0x14][0x14][0x14][0x0F]
[  862289] HEAD: [0x8F]01
[  862294] BODY: b0301
[  862298] BODY: c010       [0x06]KYCALL[0x14][0x14][0x14][0x0F]
[  862441] HEAD: [0x8F]01
[  862446] BODY: b0301
[  862450] BODY: c010       [0x06]KZCALL[0x14][0x14][0x14][0x0F]
[  863001] HEAD: [0x8F]02
[  863007] BODY: b0301
[  863011] BODY: c010       [0x06]K0CALL[0x14][0x14][0x14][0x0F]
[  863094] HEAD: [0x8F]01
[  863099] BODY: b0301
[  863103] BODY: c010       [0x06]K1CALL[0x14][0x14][0x14][0x0F]
[  863186] HEAD: [0x8F]01
[  863191] BODY: b0301
[  863195] BODY: c010       [0x06]K2CALL[0x14][0x14][0x14][0x0F]
[  863352] HEAD: [0x8F]01
[  863355] BODY: b0301
[  863359] BODY: c010       [0x06]K3CALL[0x14][0x14][0x14][0x0F]
[  863579] HEAD: [0x8F]01
[  863583] BODY: b0301
[  863587] BODY: c010       [0x06]K4CALL[0x14][0x14][0x14][0x0F]
[  863670] HEAD: [0x8F]01
[  863676] BODY: b0301
[  863680] BODY: c010       [0x06]K5CALL[0x14][0x14][0x14][0x0F]
[  863762] HEAD: [0x8F]01
[  863767] BODY: b0301
[  863771] BODY: c010       [0x06]K6CALL[0x14][0x14][0x14][0x0F]
[  864155] HEAD: [0x8F]02
[  864161] BODY: b0301
[  864165] BODY: c010       [0x06]K8CALL[0x14][0x14][0x14][0x0F]
[  864248] HEAD: [0x8F]02
[  864252] BODY: b0301
[  864256] BODY: c010       [0x06]KACALL[0x14][0x14][0x14][0x0F]
[  864339] HEAD: [0x8F]02
[  864344] BODY: b0301
[  864348] BODY: c010       [0x06]KCCALL[0x14][0x14][0x14][0x0F]
[  864422] HEAD: [0x8F]01
[  864425] BODY: b0301
[  864429] BODY: c010       [0x06]KDCALL[0x14][0x14][0x14][0x0F]
[  864507] HEAD: [0x8F]01
[  864512] BODY: b0301
[  864516] BODY: c010       [0x06]KECALL[0x14][0x14][0x14][0x0F]
[  864985] HEAD: [0x8F]01
[  864989] BODY: b0301
[  864993] BODY: c010       [0x06]KFCALL[0x14][0x14][0x14][0x0F]
[  865075] HEAD: [0x8F]01
[  865081] BODY: b0301
[  865085] BODY: c010       [0x06]KGCALL[0x14][0x14][0x14][0x0F]
[  865666] HEAD: [0x8F]FF
[  865670] BODY: b0301
[  865674] BODY: c010       [0x06]KFCALL[0x14][0x14][0x14][0x0F]
[  866416] HEAD: [0x8F]FF
[  866422] BODY: b0301
[  866426] BODY: c010       [0x06]KECALL[0x14][0x14][0x14][0x0F]
[  867565] HEAD: [0x8A]
[  867567] BODY: c511
[  867795] HEAD: [0xB0]
[  868150] HEAD: [0x8F]01
[  868153] BODY: b0301
[  868157] BODY: c011       [0x06]KEDALL[0x14][0x14][0x14][0x0F]
[  868240] HEAD: [0x8F]01
[  868245] BODY: b0301
[  868249] BODY: c011       [0x06]KEEALL[0x14][0x14][0x14][0x0F]
[  868332] HEAD: [0x8F]02
[  868337] BODY: b0301
[  868341] BODY: c011       [0x06]KEGALL[0x14][0x14][0x14][0x0F]
[  868484] HEAD: [0x8F]03
[  868490] BODY: b0301
[  868494] BODY: c011       [0x06]KEJALL[0x14][0x14][0x14][0x0F]
[  869044] HEAD: [0x8F]02
[  869046] BODY: b0301
[  869050] BODY: c011       [0x06]KELALL[0x14][0x14][0x14][0x0F]
[  869133] HEAD: [0x8F]01
[  869138] BODY: b0301
[  869142] BODY: c011       [0x06]KEMALL[0x14][0x14][0x14][0x0F]
[  869225] HEAD: [0x8F]01
[  869231] BODY: b0301
[  869235] BODY: c011       [0x06]KENALL[0x14][0x14][0x14][0x0F]
[  869308] HEAD: [0x8F]01
[  869311] BODY: b0301
[  869315] BODY: c011       [0x06]KEOALL[0x14][0x14][0x14][0x0F]
[  869739] HEAD: [0x8F]01
[  869743] BODY: b0301
[  869747] BODY: c011       [0x06]KEPALL[0x14][0x14][0x14][0x0F]
[  869890] HEAD: [0x8F]01
[  869895] BODY: b0301
[  869899] BODY: c011       [0x06]KEQALL[0x14][0x14][0x14][0x0F]
[  869982] HEAD: [0x8F]01
[  869987] BODY: b0301
[  869991] BODY: c011       [0x06]KERALL[0x14][0x14][0x14][0x0F]
[  870199] HEAD: [0x8F]01
[  870202] BODY: b0301
[  870206] BODY: c011       [0x06]KESALL[0x14][0x14][0x14][0x0F]
[  870760] HEAD: [0x8F]02
[  870763] BODY: b0301
[  870767] BODY: c011       [0x06]KEUALL[0x14][0x14][0x14][0x0F]
[  870850] HEAD: [0x8F]01
[  870856] BODY: b0301
[  870860] BODY: c011       [0x06]KEVALL[0x14][0x14][0x14][0x0F]
[  870943] HEAD: [0x8F]01
[  870948] BODY: b0301
[  870952] BODY: c011       [0x06]KEWALL[0x14][0x14][0x14][0x0F]
[  871026] HEAD: [0x8F]01
[  871029] BODY: b0301
[  871033] BODY: c011       [0x06]KEXALL[0x14][0x14][0x14][0x0F]
[  871456] HEAD: [0x8F]01
[  871460] BODY: b0301
[  871464] BODY: c011       [0x06]KEYALL[0x14][0x14][0x14][0x0F]
[  871607] HEAD: [0x8F]02
[  871613] BODY: b0301
[  871617] BODY: c011       [0x06]KE-ALL[0x14][0x14][0x14][0x0F]
[  871700] HEAD: [0x8F]01
[  871705] BODY: b0301
[  871709] BODY: c011       [0x06]KE0ALL[0x14][0x14][0x14][0x0F]
[  871792] HEAD: [0x8F]01
[  871796] BODY: b0301
[  871800] BODY: c011       [0x06]KE1ALL[0x14][0x14][0x14][0x0F]
[  872313] HEAD: [0x8F]01
[  872317] BODY: b0301
[  872321] BODY: c011       [0x06]KE2ALL[0x14][0x14][0x14][0x0F]
[  872404] HEAD: [0x8F]01
[  872409] BODY: b0301
[  872413] BODY: c011       [0x06]KE3ALL[0x14][0x14][0x14][0x0F]
[  872556] HEAD: [0x8F]02
[  872562] BODY: b0301
[  872566] BODY: c011       [0x06]KE5ALL[0x14][0x14][0x14][0x0F]
[  872708] HEAD: [0x8F]01
[  872711] BODY: b0301
[  872715] BODY: c011       [0x06]KE6ALL[0x14][0x14][0x14][0x0F]
[  873597] HEAD: [0x8F]FF
[  873603] BODY: b0301
[  873607] BODY: c011       [0x06]KE5ALL[0x14][0x14][0x14][0x0F]
[  873750] HEAD: [0x8F]FF
[  873754] BODY: b0301
[  873758] BODY: c011       [0x06]KE4ALL[0x14][0x14][0x14][0x0F]
[  873901] HEAD: [0x8F]FF
[  873907] BODY: b0301
[  873911] BODY: c011       [0x06]KE3ALL[0x14][0x14][0x14][0x0F]
[  874614] HEAD: [0x8F]01
[  874621] BODY: b0301
[  874625] BODY: c011       [0x06]KE4ALL[0x14][0x14][0x14][0x0F]
[  876045] HEAD: [0x8A]
[  876047] BODY: c512
[  876219] HEAD: [0xB0]
[  876629] HEAD: [0x8F]01
[  876635] BODY: b0301
[  876639] BODY: c012       [0x06]KE4BLL[0x14][0x14][0x14][0x0F]
[  876722] HEAD: [0x8F]01
[  876727] BODY: b0301
[  876731] BODY: c012       [0x06]KE4CLL[0x14][0x14][0x14][0x0F]
[  876814] HEAD: [0x8F]01
[  876818] BODY: b0301
[  876822] BODY: c012       [0x06]KE4DLL[0x14][0x14][0x14][0x0F]
[  876966] HEAD: [0x8F]02
[  876971] BODY: b0301
[  876975] BODY: c012       [0x06]KE4FLL[0x14][0x14][0x14][0x0F]
[  877058] HEAD: [0x8F]01
[  877063] BODY: b0301
[  877067] BODY: c012       [0x06]KE4GLL[0x14][0x14][0x14][0x0F]
[  877599] HEAD: [0x8F]01
[  877603] BODY: b0301
[  877607] BODY: c012       [0x06]KE4HLL[0x14][0x14][0x14][0x0F]
[  877690] HEAD: [0x8F]01
[  877696] BODY: b0301
[  877700] BODY: c012       [0x06]KE4ILL[0x14][0x14][0x14][0x0F]
[  877842] HEAD: [0x8F]01
[  877848] BODY: b0301
[  877852] BODY: c012       [0x06]KE4JLL[0x14][0x14][0x14][0x0F]
[  877995] HEAD: [0x8F]01
[  878000] BODY: b0301
[  878004] BODY: c012       [0x06]KE4KLL[0x14][0x14][0x14][0x0F]
[  878167] HEAD: [0x8F]01
[  878171] BODY: b0301
[  878175] BODY: c012       [0x06]KE4LLL[0x14][0x14][0x14][0x0F]
[  878258] HEAD: [0x8F]01
[  878261] BODY: b0301
[  878265] BODY: c012       [0x06]KE4MLL[0x14][0x14][0x14][0x0F]
[  878349] HEAD: [0x8F]01
[  878352] BODY: b0301
[  878356] BODY: c012       [0x06]KE4NLL[0x14][0x14][0x14][0x0F]
[  878514] HEAD: [0x8F]01
[  878517] BODY: b0301
[  878521] BODY: c012       [0x06]KE4OLL[0x14][0x14][0x14][0x0F]
[  878992] HEAD: [0x8F]01
[  878997] BODY: b0301
[  879001] BODY: c012       [0x06]KE4PLL[0x14][0x14][0x14][0x0F]
[  879302] HEAD: [0x8F]01
[  879306] BODY: b0301
[  879310] BODY: c012       [0x06]KE4QLL[0x14][0x14][0x14][0x0F]
[  879862] HEAD: [0x8F]FF
[  879865] BODY: b0301
[  879869] BODY: c012       [0x06]KE4PLL[0x14][0x14][0x14][0x0F]
[  881260] HEAD: [0x8A]
[  881263] BODY: c513
[  881457] HEAD: [0xB0]
[  881965] HEAD: [0x8F]01
[  881968] BODY: b0301
[  881972] BODY: c013       [0x06]KE4PML[0x14][0x14][0x14][0x0F]
[  882715] HEAD: [0x8F]FF
[  882718] BODY: b0301
[  882722] BODY: c013       [0x06]KE4PLL[0x14][0x14][0x14][0x0F]
[  882805] HEAD: [0x8F]FF
[  882809] BODY: b0301
[  882813] BODY: c013       [0x06]KE4PKL[0x14][0x14][0x14][0x0F]
[  883096] HEAD: [0x8F]FF
[  883102] BODY: b0301
[  883106] BODY: c013       [0x06]KE4PJL[0x14][0x14][0x14][0x0F]
[  884435] HEAD: [0x8A]
[  884437] BODY: c514
[  884542] HEAD: [0xB0]
[  885019] HEAD: [0x8F]01
[  885024] BODY: b0301
[  885028] BODY: c014       [0x06]KE4PJM[0x14][0x14][0x14][0x0F]
[  885171] HEAD: [0x8F]01
[  885177] BODY: b0301
[  885181] BODY: c014       [0x06]KE4PJN[0x14][0x14][0x14][0x0F]
[  885904] HEAD: [0x8F]01
[  885910] BODY: b0301
[  885914] BODY: c014       [0x06]KE4PJO[0x14][0x14][0x14][0x0F]
[  885996] HEAD: [0x8F]01
[  886001] BODY: b0301
[  886005] BODY: c014       [0x06]KE4PJP[0x14][0x14][0x14][0x0F]
[  886169] HEAD: [0x8F]01
[  886174] BODY: b0301
[  886178] BODY: c014       [0x06]KE4PJQ[0x14][0x14][0x14][0x0F]
[  886788] HEAD: [0x8F]01
[  886793] BODY: b0301
[  886797] BODY: c014       [0x06]KE4PJR[0x14][0x14][0x14][0x0F]
[  887038] HEAD: [0x8F]01
[  887042] BODY: b0301
[  887046] BODY: c014       [0x06]KE4PJS[0x14][0x14][0x14][0x0F]
[  887288] HEAD: [0x8F]01
[  887294] BODY: b0301
[  887298] BODY: c014       [0x06]KE4PJT[0x14][0x14][0x14][0x0F]
[  887599] HEAD: [0x8F]01
[  887602] BODY: b0301
[  887606] BODY: c014       [0x06]KE4PJU[0x14][0x14][0x14][0x0F]
[  888159] HEAD: [0x8F]01
[  888164] BODY: b0301
[  888168] BODY: c014       [0x06]KE4PJV[0x14][0x14][0x14][0x0F]
[  888779] HEAD: [0x8F]01
[  888785] BODY: b0301
[  888789] BODY: c014       [0x06]KE4PJW[0x14][0x14][0x14][0x0F]
[  889924] HEAD: [0x8A]
[  889926] BODY: c515
[  890155] HEAD: [0xB0]
[  891127] HEAD: [0x8F]01
[  891131] BODY: b0301
[  891135] BODY: c015       [0x06]KE4PJWW[0x14][0x14][0x0F]
[  891689] HEAD: [0x8F]01
[  891692] BODY: b0301
[  891696] BODY: c015       [0x06]KE4PJWX[0x14][0x14][0x0F]
[  891939] HEAD: [0x8F]01
[  891943] BODY: b0301
[  891947] BODY: c015       [0x06]KE4PJWY[0x14][0x14][0x0F]
[  892090] HEAD: [0x8F]01
[  892093] BODY: b0301
[  892097] BODY: c015       [0x06]KE4PJWZ[0x14][0x14][0x0F]
[  892240] HEAD: [0x8F]01
[  892244] BODY: b0301
[  892248] BODY: c015       [0x06]KE4PJW-[0x14][0x14][0x0F]
[  892391] HEAD: [0x8F]01
[  892396] BODY: b0301
[  892400] BODY: c015       [0x06]KE4PJW0[0x14][0x14][0x0F]
[  893123] HEAD: [0x8F]FF
[  893126] BODY: b0301
[  893130] BODY: c015       [0x06]KE4PJW-[0x14][0x14][0x0F]
[  893963] HEAD: [0x8A]
[  893966] BODY: c516
[  894121] HEAD: [0xB0]
[  894548] HEAD: [0x8F]01
[  894551] BODY: b0301
[  894555] BODY: c016       [0x06]KE4PJW--[0x14][0x0F]
[  894698] HEAD: [0x8F]01
[  894703] BODY: b0301
[  894707] BODY: c016       [0x06]KE4PJW-0[0x14][0x0F]
[  894931] HEAD: [0x8F]01
[  894936] BODY: b0301
[  894940] BODY: c016       [0x06]KE4PJW-1[0x14][0x0F]
[  895120] HEAD: [0x8F]01
[  895124] BODY: b0301
[  895128] BODY: c016       [0x06]KE4PJW-2[0x14][0x0F]
[  895331] HEAD: [0x8F]01
[  895336] BODY: b0301
[  895340] BODY: c016       [0x06]KE4PJW-3[0x14][0x0F]
[  895483] HEAD: [0x8F]01
[  895487] BODY: b0301
[  895491] BODY: c016       [0x06]KE4PJW-4[0x14][0x0F]
[  895634] HEAD: [0x8F]01
[  895640] BODY: b0301
[  895644] BODY: c016       [0x06]KE4PJW-5[0x14][0x0F]
[  896217] HEAD: [0x8F]01
[  896221] BODY: b0301
[  896225] BODY: c016       [0x06]KE4PJW-6[0x14][0x0F]
[  896428] HEAD: [0x8F]01
[  896433] BODY: b0301
[  896437] BODY: c016       [0x06]KE4PJW-7[0x14][0x0F]
[  896929] HEAD: [0x8F]01
[  896934] BODY: b0301
[  896938] BODY: c016       [0x06]KE4PJW-8[0x14][0x0F]
[  898228] HEAD: [0x8F]01
[  898231] BODY: b0301
[  898235] BODY: c016       [0x06]KE4PJW-9[0x14][0x0F]
[  900142] HEAD: [0x8A]
[  900144] BODY: c517
[  900345] HEAD: [0xB0]
[  901315] HEAD: [0x8C]
[  901350] BODY: b0301200
[  901354] BODY: c000        KE4PJW-9  
[  901586] HEAD: [0xB0]
[  905661] HEAD: [0x8C]
[  905664] BODY: b03014B0
[  905668] BODY: c009       [0x06]KE4PJW-9[0x14][0x0F]
[  905932] HEAD: [0xB0]
[  908020] HEAD: [0x8C]
[  908055] BODY: b0301200
[  908059] BODY: c000        KE4PJW-9  
[  908270] HEAD: [0xB0]
[  910050] HEAD: [0x8F]01
[  910058] BODY: b0302200
[  910062] BODY: c000          NOT USED
[  911426] HEAD: [0x8F]01
[  911431] BODY: b0303200
[  911435] BODY: c000               OFF
[  912511] HEAD: [0x8F]01
[  912516] BODY: b0304200
[  912520] BODY: c000                  
[  913905] HEAD: [0x8F]01
[  913909] BODY: b0305200
[  913913] BODY: c000               OFF
[  915281] HEAD: [0x8F]01
[  915287] BODY: b0306200
[  915291] BODY: c000          Off Duty
[  916847] HEAD: [0x8F]01
[  916853] BODY: b0307200
[  916857] BODY: c000               OFF
[  917992] HEAD: [0x8F]01
[  917995] BODY: b0308200
[  917996] BODY: c3000
[  926636] HEAD: [0x8C]
[  926639] BODY: b0308300
[  926640] BODY: c3000
[  926857] HEAD: [0xB0]
[  928357] HEAD: [0x8F]01
[  928361] BODY: c3001
[  928963] HEAD: [0x8F]01
[  928965] BODY: c3002
[  929619] HEAD: [0x8F]01
[  929622] BODY: c3003
[  929971] HEAD: [0x8F]01
[  929975] BODY: c3004
[  930341] HEAD: [0x8F]01
[  930345] BODY: c3005
[  930999] HEAD: [0x8F]01
[  931001] BODY: c3006
[  931541] HEAD: [0x8F]01
[  931545] BODY: c3007
[  932688] HEAD: [0x8F]01
[  932691] BODY: c3008
[  933541] HEAD: [0x8F]FF
[  933544] BODY: c3007
[  934395] HEAD: [0x8C]
[  934429] BODY: b0308200
[  934430] BODY: c3007
[  934680] HEAD: [0xB0]
[  938191] HEAD: [0x88]
[  938194] BODY: b0308000
[  938399] HEAD: [0xB0]
[  939862] HEAD: [0x88]
[  939865] BODY: 20
[  939866] BODY: P0   
[  940000] HEAD: [0xB0]
[  942929] HEAD: [0x87]
[  942931] BODY: 41
[  942932] BODY: P<  1
[  943128] HEAD: [0xB0]
[  949304] HEAD: [0x87]
[  949307] BODY: 40
[  949308] BODY: P0   
[  949554] HEAD: [0xB0]
[  975102] HEAD: [0x87]
[  975105] BODY: 41
[  975106] BODY: P<  1
[  976046] HEAD: [0x97]
[  976050] BODY: 42
[  976051] BODY: P0   
[  976354] HEAD: [0xB0]
[  981682] HEAD: [0x84]
[  981684] BODY: 21
[  981685] BODY: 31
[  981689] BODY: V12           OPENING TNC
[  981690] BODY: 40
[  981691] BODY: P0   
[  981691] BODY: Z1
[  981692] BODY: 6001
[  981693] BODY: m00
[  981927] HEAD: [0xB0]
[  984039] BODY: P0   
[  986999] BODY: V0
[  987000] BODY: P0   
[ 1327793] BODY: K1
[ 1327794] BODY: M20
[ 1327895] BODY: J1
[ 1327896] BODY: L10
[ 1327896] BODY: M00
[ 1327994] BODY: J0
[ 1327995] BODY: L00
[ 1327995] BODY: K0
[ 1328094] BODY: J1
[ 1328095] BODY: L60
[ 1328096] BODY: K1
[ 1328096] BODY: M30
[ 1328194] BODY: L00
[ 1328195] BODY: M00
[ 1328294] BODY: J0
[ 1328295] BODY: M20
[ 1328394] BODY: J1
[ 1328395] BODY: L50
[ 1328395] BODY: M10
[ 1328495] BODY: L00
[ 1328496] BODY: M00
[ 1328595] BODY: J0
[ 1328794] BODY: K0
[ 1328996] BODY: K1
[ 1328996] BODY: M40
[ 1329096] BODY: J1
[ 1329097] BODY: L40
[ 1329098] BODY: M30
[ 1329196] BODY: J0
[ 1329196] BODY: L00
[ 1329197] BODY: M20
[ 1329297] BODY: J1
[ 1329298] BODY: L70
[ 1329298] BODY: M50
[ 1329496] BODY: J0
[ 1329496] BODY: L00
[ 1329696] BODY: J1
[ 1329697] BODY: L60
[ 1329697] BODY: M40
[ 1329796] BODY: L70
[ 1329796] BODY: M50
[ 1329997] BODY: J0
[ 1329998] BODY: L00
[ 1329998] BODY: M10
[ 1330096] BODY: M00
[ 1330297] BODY: J1
[ 1330297] BODY: L70
[ 1330298] BODY: M40
[ 1330397] BODY: L20
[ 1330397] BODY: M00
[ 1330496] BODY: J0
[ 1330497] BODY: L00
[ 1331499] BODY: M10
[ 1331599] BODY: M20
[ 1331699] BODY: M10
[ 1331799] BODY: M20
[ 1331898] BODY: J1
[ 1331899] BODY: L60
[ 1331900] BODY: M40
[ 1332399] BODY: J0
[ 1332400] BODY: L00
[ 1332400] BODY: K0
[ 1332401] BODY: M00
[ 1335202] BODY: J1
[ 1335203] BODY: L50
[ 1335203] BODY: K1
[ 1335302] BODY: L10
[ 1335403] BODY: J0
[ 1335403] BODY: L00
[ 1335503] BODY: J1
[ 1335504] BODY: L50
[ 1335603] BODY: L40
[ 1335803] BODY: L30
[ 1336203] BODY: J0
[ 1336204] BODY: L00
[ 1336303] BODY: K0
[ 1337404] BODY: K1
[ 1338406] BODY: M10
[ 1338506] BODY: M00
[ 1338806] BODY: M10
[ 1339007] BODY: M20
[ 1339108] BODY: M30
[ 1339307] BODY: M40
[ 1339909] BODY: M50
[ 1340308] BODY: M40
[ 1340508] BODY: M30
[ 1341209] BODY: M20
[ 1341509] BODY: M30
[ 1341610] BODY: M50
[ 1341810] BODY: M60
[ 1342611] BODY: M40
[ 1342711] BODY: M30
[ 1342911] BODY: M00
[ 1343012] BODY: M10
[ 1343111] BODY: M00
[ 1343211] BODY: K0
[ 1343312] BODY: K1
[ 1343313] BODY: M20
[ 1343411] BODY: J1
[ 1343412] BODY: L60
[ 1343413] BODY: M30
[ 1343612] BODY: M20
[ 1344112] BODY: M10
[ 1344212] BODY: M30
[ 1344412] BODY: M40
[ 1345114] BODY: M30
[ 1345215] BODY: M20
[ 1345315] BODY: M10
[ 1345414] BODY: K0
[ 1345415] BODY: M00
[ 1345513] BODY: K1
[ 1345514] BODY: M20
[ 1345614] BODY: M10
[ 1345714] BODY: L50
[ 1345914] BODY: L40
[ 1345915] BODY: M00
[ 1346014] BODY: J0
[ 1346015] BODY: L00
[ 1346114] BODY: K0
[ 1347616] BODY: K1
[ 1347816] BODY: K0
[ 1348318] BODY: K1
[ 1348318] BODY: M10
[ 1348417] BODY: M00
[ 1348618] BODY: K0
[ 1349419] BODY: K1
[ 1349719] BODY: M10
[ 1349819] BODY: K0
[ 1349819] BODY: M00
[ 1350519] BODY: K1
[ 1350820] BODY: K0
[ 1350920] BODY: K1
[ 1350921] BODY: M10
[ 1351020] BODY: M00
[ 1351822] BODY: K0
[ 1352222] BODY: K1
[ 1352722] BODY: K0
[ 1353123] BODY: K1
[ 1353423] BODY: K0
[ 1353523] BODY: K1
[ 1353723] BODY: K0
[ 1353824] BODY: K1
[ 1353923] BODY: K0
[ 1358529] BODY: K1
[ 1358730] BODY: M10
[ 1359430] BODY: M00
[ 1369040] BODY: K0
[ 1369141] BODY: K1
[ 1369442] BODY: J1
[ 1369443] BODY: L70
[ 1369444] BODY: M20
[ 1369542] BODY: M30
[ 1369743] BODY: M10
[ 1369843] BODY: M30
[ 1369943] BODY: M00
[ 1370042] BODY: K0
[ 1370343] BODY: K1
[ 1370344] BODY: M20
[ 1370442] BODY: L20
[ 1370443] BODY: M00
[ 1370517] BODY: T10[0x06]K4UAE-7[0x00][0x00]  &[0x00][0x00][0x00][0x00][0x00][0x00][0x00][0x00][0x00] [0x00][0x00][0x00][0x00][0x00][0x00][0x00][0x00][0x00][0x00] [0x00][0x00][0x00][0x00][0x00][0x00][0x00][0x00]  
[ 1370518] BODY: 4C
[ 1370519] BODY: P0   
[ 1370519] BODY: L10
[ 1370543] BODY: L60
[ 1370743] BODY: K0
[ 1371444] BODY: L30
[ 1371544] BODY: L20
[ 1371645] BODY: J0
[ 1371645] BODY: L00
[ 1380451] BODY: T0
[ 1380452] BODY: 40
[ 1380453] BODY: P0   
[ 1380554] BODY: J1
[ 1380555] BODY: L70
[ 1381455] BODY: L30
[ 1381603] BODY: T10[0x06]KM4BJZ-1[0x00]  Grundy Co  ARES KM4BJ Z@arrl.n  
[ 1381604] BODY: 4C
[ 1381605] BODY: P0   
[ 1381606] BODY: J0
[ 1381606] BODY: L00
[ 1384098] BODY: J1
[ 1384098] BODY: L50
[ 1384099] BODY: K1
[ 1384199] BODY: L10
[ 1384299] BODY: L70
[ 1384300] BODY: K0
[ 1385099] BODY: L10
[ 1385156] BODY: T10[0x06]KM4BJZ-5[0x00]  WlINK Grun dy ARES _0 [0x00][0x00][0x00][0x00][0x00][0x00][0x00][0x00]  
[ 1385157] BODY: P0   
[ 1385200] BODY: J0
[ 1385201] BODY: L00
[ 1387001] BODY: K1
[ 1395109] BODY: T0
[ 1395109] BODY: 40
[ 1395110] BODY: P0   
[ 1396813] BODY: J1
[ 1396814] BODY: L30
[ 1397714] BODY: L20
[ 1397814] BODY: J0
[ 1397815] BODY: L00
[ 1398214] BODY: J1
[ 1398215] BODY: L70
[ 1399015] BODY: L10
[ 1399100] BODY: T10[0x06]KM4BJZ-2[0x00]  =13.3VGrun dy County  ARES U =  
[ 1399101] BODY: 4C
[ 1399101] BODY: P0   
[ 1399102] BODY: L50
[ 1399116] BODY: L60
[ 1400016] BODY: L20
[ 1402319] BODY: J0
[ 1402320] BODY: L00
[ 1403921] BODY: J1
[ 1403921] BODY: L30
[ 1404022] BODY: L20
[ 1404621] BODY: J0
[ 1404622] BODY: L00
[ 1407725] BODY: J1
[ 1407726] BODY: L50
[ 1409045] BODY: T0
[ 1409045] BODY: 40
[ 1409046] BODY: P0   
[ 1409929] BODY: L10
[ 1410028] BODY: J0
[ 1410029] BODY: L00
[ 1410628] BODY: J1
[ 1410629] BODY: L40
[ 1410730] BODY: L70
[ 1411663] BODY: T10[0x06]KM4ACK-2[0x00]  Pi Digi, C PU=50.5C E =Commerc  
[ 1411663] BODY: 4C
[ 1411664] BODY: P0   
[ 1412354] BODY: L10
[ 1412508] BODY: T10[0x06]SRARC      Stones Riv er Amateur  Radio C  
[ 1412509] BODY: P0   
[ 1412509] BODY: J0
[ 1412510] BODY: L00
[ 1414100] BODY: J1
[ 1414101] BODY: L70
[ 1414902] BODY: L10
[ 1414997] BODY: T10[0x06]145.23CAT  145.230MHz  T114 -060 [0x00][0x00][0x00][0x00][0x00][0x00][0x00][0x00]  
[ 1414998] BODY: P0   
[ 1415002] BODY: J0
[ 1415003] BODY: L00
[ 1423011] BODY: J1
[ 1423012] BODY: L60
[ 1423574] BODY: T10[0x06]K4UAN-3[0x00][0x00]  APN383 CRA  147.210+  Net TU a  
[ 1423575] BODY: P0   
[ 1423612] BODY: L10
[ 1423711] BODY: J0
[ 1423712] BODY: L00
[ 1427015] BODY: J1
[ 1427016] BODY: L60
[ 1427887] BODY: T10[0x06]K4UAN-3[0x00][0x00]  W3[0x7F]2, TNn- N, Servic[0x7F] ng The U  
[ 1427889] BODY: P0   
[ 1427889] BODY: L20
[ 1427917] BODY: L10
[ 1428016] BODY: J0
[ 1428017] BODY: L00
[ 1428818] BODY: J1
[ 1428818] BODY: L30
[ 1429618] BODY: L70
[ 1430620] BODY: L20
[ 1432339] HEAD: [0xC0]0A
[ 1432480] HEAD: [0xC0]0B
[ 1432522] BODY: J0
[ 1432523] BODY: L00
[ 1432711] HEAD: [0xC0]0B
[ 1434624] BODY: J1
[ 1434624] BODY: L40
[ 1435025] BODY: L30
[ 1435125] BODY: L40
[ 1435426] BODY: L30
[ 1435525] BODY: L10
[ 1435625] BODY: J0
[ 1435626] BODY: L00
[ 1437837] BODY: T0
[ 1437837] BODY: 40
[ 1437838] BODY: P0   
[ 1439330] BODY: J1
[ 1439331] BODY: L70
[ 1440332] BODY: L10
[ 1440472] BODY: T10[0x06]KF4ERV-4[0x00]  h53b10140e 1w[0x00][0x00][0x00][0x00][0x00][0x00][0x00][0x00] [0x00][0x00][0x00][0x00][0x00][0x00][0x00][0x00]  
[ 1440473] BODY: 4C
[ 1440474] BODY: P0   
[ 1440474] BODY: J0
[ 1440475] BODY: L00
[ 1450412] BODY: T0
[ 1450413] BODY: 40
[ 1450414] BODY: P0   
[ 1470849] HEAD: [0x80]1
[ 1470849] BODY: 01
[ 1470949] BODY: i
[ 1470950] BODY: ;1
[ 1470950] BODY: [0xCC]7
[ 1470951] BODY: j0
[ 1470952] BODY: dHELLO !!
[ 1470953] BODY: 11
[ 1470953] BODY: 50
[ 1470954] HEAD: [0xC0]0B
[ 1470954] BODY: =0
[ 1470954] BODY: Z0
[ 1470955] HEAD: [0xC1]10
[ 1470955] BODY: [0
[ 1470956] BODY: 700
[ 1470956] HEAD: [0xC2]0B
[ 1470956] BODY: F0
[ 1470957] BODY: J0
[ 1470957] HEAD: [0xC3]00
[ 1470957] BODY: L00
[ 1470958] BODY: B0
[ 1470958] BODY: @0
[ 1470959] BODY: D0
[ 1470959] BODY: G0
[ 1470960] BODY: K0
[ 1470961] BODY: M00
[ 1470961] BODY: C0
[ 1470962] BODY: A0
[ 1470962] BODY: E0
[ 1470963] BODY: 20
[ 1470963] BODY: 40
[ 1470964] BODY: k0
[ 1470965] BODY: X000
[ 1470966] BODY: H000
[ 1470967] BODY: R0        
[ 1470970] BODY: N0144.390  
[ 1470971] BODY: P0   
[ 1470971] BODY: Y000
[ 1470972] BODY: I000
[ 1470974] BODY: S0        
[ 1470976] BODY: O0440.000  
[ 1470977] BODY: P0   
[ 1470978] BODY: Q0   
[ 1471072] BODY: 6001
[ 1471073] BODY: m00
[ 1471785] BODY: 21
[ 1471786] BODY: 31
[ 1471790] BODY: V12           OPENING TNC
[ 1471791] BODY: P0   
[ 1471792] BODY: Z1
[ 1471970] BODY: K1
[ 1472470] BODY: J1
[ 1472471] BODY: L60
[ 1473270] BODY: L10
[ 1473370] BODY: J0
[ 1473371] BODY: L00
[ 1474271] BODY: J1
[ 1474272] BODY: L30
[ 1474788] BODY: V0
[ 1474789] BODY: P0   
[ 1474973] BODY: L40
[ 1475073] BODY: L70
[ 1475976] BODY: J0
[ 1475976] BODY: L00
[ 1479878] BODY: J1
[ 1479879] BODY: L40
[ 1480780] BODY: J0
[ 1480781] BODY: L00
[ 1487929] HEAD: [0xC2]0C
[ 1488009] HEAD: [0xC2]0D
[ 1488188] BODY: K0
[ 1488489] HEAD: [0xC2]0D
[ 1501602] BODY: K1
[ 1689130] HEAD: [0x80]1
[ 1689131] BODY: 01
[ 1689231] BODY: i
[ 1689231] BODY: ;1
[ 1689232] BODY: [0xCC]7
[ 1689232] BODY: j0
[ 1689234] BODY: dHELLO !!
[ 1689235] BODY: 11
[ 1689235] BODY: 50
[ 1689235] HEAD: [0xC0]0B
[ 1689236] BODY: =0
[ 1689236] BODY: Z0
[ 1689236] HEAD: [0xC1]10
[ 1689237] BODY: [0
[ 1689237] BODY: 700
[ 1689238] HEAD: [0xC2]0E
[ 1689238] BODY: F0
[ 1689239] BODY: J0
[ 1689239] HEAD: [0xC3]00
[ 1689239] BODY: L00
[ 1689240] BODY: B0
[ 1689240] BODY: @0
[ 1689241] BODY: D0
[ 1689241] BODY: G0
[ 1689242] BODY: K0
[ 1689243] BODY: M00
[ 1689243] BODY: C0
[ 1689244] BODY: A0
[ 1689244] BODY: E0
[ 1689245] BODY: 20
[ 1689245] BODY: 40
[ 1689246] BODY: k0
[ 1689246] BODY: X000
[ 1689247] BODY: H000
[ 1689249] BODY: R0        
[ 1689251] BODY: N0144.390  
[ 1689252] BODY: P0   
[ 1689253] BODY: Y000
[ 1689254] BODY: I000
[ 1689256] BODY: S0        
[ 1689258] BODY: O0440.000  
[ 1689259] BODY: P0   
[ 1689260] BODY: Q0   
[ 1689354] BODY: 6001
[ 1689355] BODY: m00
[ 1690068] BODY: 21
[ 1690069] BODY: 31
[ 1690073] BODY: V12           OPENING TNC
[ 1690074] BODY: P0   
[ 1690075] BODY: Z1
[ 1692955] BODY: K1
[ 1693071] BODY: V0
[ 1693072] BODY: P0   
[ 1720786] BODY: J1
[ 1720787] BODY: L40
[ 1721287] BODY: J0
[ 1721288] BODY: L00
[ 1826107] HEAD: [0x80]1
[ 1826108] BODY: 01
[ 1826207] BODY: i
[ 1826208] BODY: ;1
[ 1826208] BODY: [0xCC]7
[ 1826209] BODY: j0
[ 1826211] BODY: dHELLO !!
[ 1826211] BODY: 11
[ 1826212] HEAD: [0xC0]0B
[ 1826212] BODY: 50
[ 1826212] BODY: =0
[ 1826213] BODY: Z0
[ 1826213] HEAD: [0xC1]10
[ 1826213] BODY: [0
[ 1826214] BODY: 700
[ 1826214] HEAD: [0xC2]0E
[ 1826214] BODY: F0
[ 1826215] BODY: J0
[ 1826215] HEAD: [0xC3]00
[ 1826216] BODY: L00
[ 1826216] BODY: B0
[ 1826217] BODY: @0
[ 1826217] BODY: D0
[ 1826218] BODY: G0
[ 1826218] BODY: K0
[ 1826219] BODY: M00
[ 1826219] BODY: C0
[ 1826220] BODY: A0
[ 1826221] BODY: E0
[ 1826221] BODY: 20
[ 1826222] BODY: 40
[ 1826222] BODY: k0
[ 1826223] BODY: X000
[ 1826224] BODY: H000
[ 1826226] BODY: R0        
[ 1826228] BODY: N0144.390  
[ 1826229] BODY: P0   
[ 1826230] BODY: Y000
[ 1826231] BODY: I000
[ 1826232] BODY: S0        
[ 1826235] BODY: O0440.000  
[ 1826236] BODY: P0   
[ 1826237] BODY: Q0   
[ 1826331] BODY: 6001
[ 1826331] BODY: m00
[ 1827044] BODY: 21
[ 1827044] BODY: 31
[ 1827049] BODY: V12           OPENING TNC
[ 1827050] BODY: P0   
[ 1827050] BODY: Z1
[ 1828829] BODY: K1
[ 1830046] BODY: V0
[ 1830047] BODY: P0   
[ 1831157] HEAD: [0x87]
[ 1831160] BODY: 41
[ 1831161] BODY: P<  1
[ 1831333] BODY: J1
[ 1831334] BODY: L70
[ 1832033] BODY: L10
[ 1832076] HEAD: [0x97]
[ 1832078] BODY: 42
[ 1832079] BODY: P0   
[ 1832080] BODY: J0
[ 1832080] BODY: L00
[ 1832447] HEAD: [0xB0]
[ 1833675] HEAD: [0x87]
[ 1833678] BODY: 40
[ 1833679] BODY: P0   
[ 1834483] HEAD: [0xB0]
[ 1835193] HEAD: [0x87]
[ 1835196] BODY: 41
[ 1835197] BODY: P<  1
[ 1836116] HEAD: [0x97]
[ 1836119] BODY: 42
[ 1836120] BODY: P0   
[ 1836442] HEAD: [0xB0]
[ 1838354] HEAD: [0x84]
[ 1838357] BODY: 32
[ 1838361] BODY: V12           OPENING TNC
[ 1838362] BODY: 40
[ 1838363] BODY: P0   
[ 1838530] HEAD: [0xB0]
[ 1840041] HEAD: [0x87]
[ 1840044] BODY: 41
[ 1840045] BODY: P<  1
[ 1840965] HEAD: [0x97]
[ 1840968] BODY: 42
[ 1840969] BODY: P0   
[ 1841235] HEAD: [0xB0]
[ 1842512] HEAD: [0x84]
[ 1842515] BODY: 40
[ 1842516] BODY: P0   
[ 1842741] HEAD: [0xB0]
[ 1842836] BODY: V0
[ 1842837] BODY: P0   
[ 1844237] HEAD: [0x87]
[ 1844241] BODY: 41
[ 1844242] BODY: P<  1
[ 1845208] HEAD: [0x97]
[ 1845212] BODY: 42
[ 1845213] BODY: P0   
[ 1845487] HEAD: [0xB0]
[ 1846508] HEAD: [0x84]
[ 1846510] BODY: 20
[ 1846511] BODY: 40
[ 1846512] BODY: P0   
[ 1846512] BODY: Z0
[ 1846770] HEAD: [0xB0]
[ 1849761] BODY: K0
[ 1850639] HEAD: [0x80]0
[ 1850641] BODY: 00
[ 1853806] HEAD: [0x80]1
[ 1853807] BODY: 01
[ 1853906] BODY: i
[ 1853907] BODY: ;1
[ 1853908] BODY: [0xCC]7
[ 1853908] BODY: j0
[ 1853910] BODY: dHELLO !!
[ 1853910] BODY: 11
[ 1853911] HEAD: [0xC0]0B
[ 1853911] BODY: 50
[ 1853911] BODY: =0
[ 1853912] BODY: Z0
[ 1853912] HEAD: [0xC1]10
[ 1853912] BODY: [0
[ 1853913] BODY: 700
[ 1853913] HEAD: [0xC2]0E
[ 1853914] BODY: F0
[ 1853914] BODY: J0
[ 1853914] HEAD: [0xC3]00
[ 1853915] BODY: L00
[ 1853915] BODY: B0
[ 1853916] BODY: @0
[ 1853916] BODY: D0
[ 1853917] BODY: G0
[ 1853917] BODY: K0
[ 1853918] BODY: M00
[ 1853919] BODY: C0
[ 1853919] BODY: A0
[ 1853920] BODY: E0
[ 1853920] BODY: 20
[ 1853921] BODY: 40
[ 1853921] BODY: k0
[ 1853922] BODY: X000
[ 1853923] BODY: H000
[ 1853925] BODY: R0        
[ 1853927] BODY: N0144.390  
[ 1853928] BODY: P0   
[ 1853929] BODY: Y000
[ 1853930] BODY: I000
[ 1853932] BODY: S0        
[ 1853934] BODY: O0440.000  
[ 1853935] BODY: P0   
[ 1853936] BODY: Q0   
[ 1855025] BODY: 0
[ 1855026] BODY: P0   
[ 1855529] BODY: J1
[ 1855530] BODY: L70
[ 1856429] BODY: L10
[ 1856528] BODY: J0
[ 1856528] BODY: L00
[ 1863536] BODY: K1
[ 1879955] BODY: J1
[ 1879955] BODY: L70
[ 1880857] BODY: L10
[ 1880956] BODY: J0
[ 1880957] BODY: L00
[ 1889766] BODY: J1
[ 1889767] BODY: L50
[ 1890067] BODY: L60
[ 1890167] BODY: L50
[ 1890467] BODY: L10
[ 1890567] BODY: L50
[ 1890768] BODY: L60
[ 1890868] BODY: L50
[ 1891069] BODY: L60
[ 1891167] BODY: L50
[ 1891268] BODY: L60
[ 1891468] BODY: L30
[ 1891870] BODY: J0
[ 1891870] BODY: L00
[ 1892169] BODY: J1
[ 1892170] BODY: L70
[ 1892770] BODY: L40
[ 1892870] BODY: L60
[ 1893571] BODY: L20
[ 1893670] BODY: J0
[ 1893671] BODY: L00
[ 1897875] BODY: J1
[ 1897876] BODY: L40
[ 1898577] BODY: L60
[ 1898677] BODY: L50
[ 1898877] BODY: L60
[ 1899879] BODY: L20
[ 1899979] BODY: J0
[ 1899979] BODY: L00
[ 1901381] BODY: J1
[ 1901382] BODY: L40
[ 1901480] BODY: L30
[ 1901679] BODY: L40
[ 1901980] BODY: L30
[ 1902181] BODY: L20
[ 1902282] BODY: J0
[ 1902282] BODY: L00
[ 1903482] BODY: J1
[ 1903483] BODY: L40
[ 1903782] BODY: L30
[ 1903982] BODY: L40
[ 1904083] BODY: L60
[ 1904183] BODY: L50
[ 1904283] BODY: L60
[ 1904483] BODY: L50
[ 1904683] BODY: L60
[ 1904783] BODY: L50
[ 1904984] BODY: L60
[ 1905084] BODY: L20
[ 1905184] BODY: J0
[ 1905185] BODY: L00
[ 1908487] BODY: J1
[ 1908488] BODY: L40
[ 1910290] BODY: L30
[ 1910390] BODY: L60
[ 1912293] BODY: L20
[ 1912391] BODY: J0
[ 1912392] BODY: L00
[ 1913794] BODY: J1
[ 1913795] BODY: L70
[ 1914995] BODY: L10
[ 1915096] BODY: J0
[ 1915096] BODY: L00
[ 1915797] BODY: J1
[ 1915797] BODY: L60
[ 1916297] BODY: L10
[ 1916397] BODY: J0
[ 1916397] BODY: L00
[ 1921869] HEAD: [0xC2]0F
[ 1921929] HEAD: [0xC2]10
[ 1921989] HEAD: [0xC2]11
[ 1922003] BODY: K0
[ 1922069] HEAD: [0xC2]11
[ 1922203] BODY: J1
[ 1922204] BODY: L50
[ 1922805] BODY: L60
[ 1922904] BODY: L20
[ 1923005] BODY: J0
[ 1923006] BODY: L00
[ 1923505] BODY: J1
[ 1923505] BODY: L50
[ 1924005] BODY: L60
[ 1924307] BODY: L20
[ 1924406] BODY: L30
[ 1924607] BODY: L40
[ 1924807] BODY: L30
[ 1925208] BODY: L70
[ 1926408] BODY: L10
[ 1926509] BODY: J0
[ 1926509] BODY: L00
[ 1926909] BODY: J1
[ 1926910] BODY: L40
[ 1927010] BODY: L50
[ 1927210] BODY: L40
[ 1927520] HEAD: [0xC1]0E
[ 1927540] HEAD: [0xC1]0C
[ 1927560] HEAD: [0xC1]0A
[ 1927580] HEAD: [0xC1]08
[ 1927600] HEAD: [0xC1]05
[ 1927620] HEAD: [0xC1]04
[ 1927640] HEAD: [0xC1]03
[ 1927660] HEAD: [0xC1]02
[ 1927680] HEAD: [0xC1]01
[ 1927740] HEAD: [0xC1]00
[ 1928111] BODY: J0
[ 1928112] BODY: L00
[ 1928210] BODY: J1
[ 1928211] BODY: L60
[ 1929011] BODY: L40
[ 1929111] BODY: J0
[ 1929112] BODY: L00
[ 1931314] BODY: J1
[ 1931315] BODY: L30
[ 1931715] BODY: L40
[ 1931815] BODY: L50
[ 1931915] BODY: L60
[ 1932616] BODY: L50
[ 1932815] BODY: L60
[ 1932917] BODY: L50
[ 1933016] BODY: L30
[ 1933217] BODY: J0
[ 1933217] BODY: L00
[ 1936720] BODY: J1
[ 1936720] BODY: L50
[ 1937521] BODY: L60
[ 1937621] BODY: L50
[ 1938122] BODY: L60
[ 1938223] BODY: L30
[ 1938623] BODY: L40
[ 1938822] BODY: L30
[ 1938922] BODY: L40
[ 1939023] BODY: L30
[ 1939725] BODY: L40
[ 1939824] BODY: L50
[ 1939923] BODY: L60
[ 1940024] BODY: L50
[ 1940725] BODY: L30
[ 1941525] BODY: L20
[ 1941626] BODY: J0
[ 1941627] BODY: L00
[ 1943428] BODY: J1
[ 1943429] BODY: L70
[ 1944930] BODY: L50
[ 1945029] BODY: L60
[ 1946432] BODY: L20
[ 1946532] BODY: J0
[ 1946533] BODY: L00
[ 1947032] BODY: J1
[ 1947032] BODY: L30
[ 1947432] BODY: L40
[ 1947833] BODY: L30
[ 1948033] BODY: L40
[ 1948134] BODY: L30
[ 1948233] BODY: L40
[ 1948334] BODY: L30
[ 1948533] BODY: J0
[ 1948534] BODY: L00
[ 1950436] BODY: J1
[ 1950437] BODY: L50
[ 1950836] BODY: L60
[ 1951337] BODY: L50
[ 1951537] BODY: L60
[ 1951638] BODY: L50
[ 1951937] BODY: L40
[ 1952338] BODY: L30
[ 1952438] BODY: L40
[ 1953939] BODY: L30
[ 1954040] BODY: L40
[ 1954541] BODY: L10
[ 1954641] BODY: L60
[ 1957945] BODY: J0
[ 1957945] BODY: L00
[ 1958545] BODY: J1
[ 1958546] BODY: L70
[ 1961049] BODY: L10
[ 1961149] BODY: L60
[ 1962350] BODY: L20
[ 1962450] BODY: J0
[ 1962451] BODY: L00
[ 1964653] BODY: J1
[ 1964653] BODY: L30
[ 1965352] BODY: L10
[ 1965453] BODY: J0
[ 1965454] BODY: L00
[ 1966154] BODY: J1
[ 1966155] BODY: L40
[ 1966354] BODY: L30
[ 1966454] BODY: L40
[ 1966955] BODY: L10
[ 1967055] BODY: L60
[ 1967956] BODY: L40
[ 1968056] BODY: L20
[ 1968156] BODY: J0
[ 1968156] BODY: L00
[ 1969358] BODY: J1
[ 1969359] BODY: L70
[ 1970259] BODY: L10
[ 1970358] BODY: J0
[ 1970359] BODY: L00
[ 1971561] BODY: J1
[ 1971561] BODY: L40
[ 1971760] BODY: L50
[ 1971861] BODY: L60
[ 1971960] BODY: L50
[ 1972161] BODY: L60
[ 1972260] BODY: L50
[ 1973061] BODY: J0
[ 1973062] BODY: L00
[ 1974363] BODY: J1
[ 1974364] BODY: L30
[ 1975464] BODY: J0
[ 1975465] BODY: L00
[ 1976565] BODY: J1
[ 1976566] BODY: L40
[ 1976666] BODY: L50
[ 1977667] BODY: L10
[ 1977767] BODY: J0
[ 1977768] BODY: L00
[ 1978167] BODY: J1
[ 1978168] BODY: L30
[ 1978368] BODY: L40
[ 1978468] BODY: L30
[ 1978568] BODY: J0
[ 1978568] BODY: L00
[ 1978668] BODY: J1
[ 1978669] BODY: L40
[ 1978768] BODY: L30
[ 1978869] BODY: J0
[ 1978869] BODY: L00
[ 1978969] BODY: J1
[ 1978969] BODY: L20
[ 1979069] BODY: J0
[ 1979069] BODY: L00
[ 1979269] BODY: J1
[ 1979269] BODY: L40
[ 1979369] BODY: L20
[ 1979469] BODY: J0
[ 1979469] BODY: L00
[ 1979570] BODY: J1
[ 1979570] BODY: L40
[ 1979669] BODY: L20
[ 1979770] BODY: J0
[ 1979771] BODY: L00
[ 1979870] BODY: J1
[ 1979871] BODY: L40
[ 1979969] BODY: L20
[ 1980069] BODY: J0
[ 1980070] BODY: L00
[ 1980170] BODY: J1
[ 1980171] BODY: L20
[ 1980270] BODY: J0
[ 1980271] BODY: L00
[ 1980671] BODY: J1
[ 1980671] BODY: L30
[ 1981172] BODY: L20
[ 1981271] BODY: J0
[ 1981271] BODY: L00
[ 1984574] BODY: J1
[ 1984575] BODY: L40
[ 1985075] BODY: L60
[ 1985176] BODY: L50
[ 1985376] BODY: L60
[ 1986477] BODY: J0
[ 1986477] BODY: L00
[ 1987879] BODY: J1
[ 1987880] BODY: L30
[ 1988680] BODY: L40
[ 1988880] BODY: L20
[ 1988981] BODY: J0
[ 1988981] BODY: L00
[ 1989381] BODY: J1
[ 1989382] BODY: L30
[ 1989480] BODY: L40
[ 1989881] BODY: L50
[ 1990782] BODY: L60
[ 1990882] BODY: L30
[ 1991082] BODY: J0
[ 1991083] BODY: L00
[ 1991884] BODY: J1
[ 1991885] BODY: L40
[ 1992184] BODY: L30
[ 1992284] BODY: L40
[ 1992785] BODY: L30
[ 1992885] BODY: L60
[ 1993786] BODY: L30
[ 1993886] BODY: L70
[ 1994787] BODY: L20
[ 1994886] BODY: J0
[ 1994887] BODY: L00
[ 1995987] BODY: J1
[ 1995988] BODY: L40
[ 1996289] BODY: L30
[ 1996489] BODY: L40
[ 1996789] BODY: L30
[ 1996889] BODY: L10
[ 1996990] BODY: J0
[ 1996990] BODY: L00
[ 1999092] BODY: J1
[ 1999093] BODY: L60
[ 1999693] BODY: L50
[ 2000192] BODY: L10
[ 2000292] BODY: J0
[ 2000293] BODY: L00
[ 2000694] BODY: J1
[ 2000694] BODY: L40
[ 2001394] BODY: J0
[ 2001394] BODY: L00
[ 2114115] HEAD: [0x80]1
[ 2114116] BODY: 01
[ 2114215] BODY: i
[ 2114216] BODY: ;1
[ 2114217] BODY: [0xCC]7
[ 2114217] BODY: j0
[ 2114219] BODY: dHELLO !!
[ 2114219] BODY: 11
[ 2114220] HEAD: [0xC0]0B
[ 2114220] BODY: 50
[ 2114220] BODY: =0
[ 2114221] BODY: Z0
[ 2114221] HEAD: [0xC1]00
[ 2114221] BODY: [0
[ 2114222] BODY: 700
[ 2114222] HEAD: [0xC2]12
[ 2114223] BODY: F0
[ 2114223] BODY: J0
[ 2114223] HEAD: [0xC3]00
[ 2114224] BODY: L00
[ 2114224] BODY: B0
[ 2114225] BODY: @0
[ 2114225] BODY: D0
[ 2114226] BODY: G0
[ 2114226] BODY: K0
[ 2114227] BODY: M00
[ 2114228] BODY: C0
[ 2114228] BODY: A0
[ 2114229] BODY: E0
[ 2114229] BODY: 20
[ 2114230] BODY: 40
[ 2114230] BODY: k0
[ 2114231] BODY: X000
[ 2114232] BODY: H000
[ 2114234] BODY: R0        
[ 2114236] BODY: N0144.390  
[ 2114237] BODY: P0   
[ 2114238] BODY: Y000
[ 2114239] BODY: I000
[ 2114241] BODY: S0        
[ 2114243] BODY: O0440.000  
[ 2114244] BODY: P0   
[ 2114245] BODY: Q0   
[ 2115334] BODY: 0
[ 2115335] BODY: P0   
[ 2118484] HEAD: [0x80]0
[ 2120511] HEAD: [0x80]0
[ 2120512] BODY: 00
[ 2211958] HEAD: [0x80]1
[ 2211959] BODY: 01
[ 2212058] BODY: i
[ 2212059] BODY: ;1
[ 2212059] BODY: [0xCC]7
[ 2212060] BODY: j0
[ 2212062] BODY: dHELLO !!
[ 2212062] BODY: 11
[ 2212063] BODY: 50
[ 2212063] BODY: =0
[ 2212064] HEAD: [0xC0]0B
[ 2212064] BODY: Z0
[ 2212064] BODY: [0
[ 2212065] HEAD: [0xC1]00
[ 2212065] BODY: 700
[ 2212065] BODY: F0
[ 2212066] BODY: J0
[ 2212066] HEAD: [0xC2]12
[ 2212067] BODY: L00
[ 2212067] BODY: B0
[ 2212067] HEAD: [0xC3]00
[ 2212068] BODY: @0
[ 2212068] BODY: D0
[ 2212069] BODY: G0
[ 2212069] BODY: K0
[ 2212070] BODY: M00
[ 2212071] BODY: C0
[ 2212071] BODY: A0
[ 2212072] BODY: E0
[ 2212072] BODY: 20
[ 2212073] BODY: 40
[ 2212073] BODY: k0
[ 2212074] BODY: X000
[ 2212075] BODY: H000
[ 2212077] BODY: R0        
[ 2212079] BODY: N0144.390  
[ 2212080] BODY: P0   
[ 2212081] BODY: Y000
[ 2212082] BODY: I000
[ 2212084] BODY: S0        
[ 2212086] BODY: O0440.000  
[ 2212087] BODY: P0   
[ 2212088] BODY: Q0   
[ 2212278] BODY: J1
[ 2212279] BODY: L60
[ 2212578] BODY: J0
[ 2212578] BODY: L00
[ 2213176] BODY: 0
[ 2213177] BODY: P0   
[ 2216140] HEAD: [0x82]
[ 2216142] BODY: 22
[ 2216143] BODY: b0308000
[ 2216250] HEAD: [0xB0]
[ 2218834] HEAD: [0x8C]
[ 2218836] BODY: b0308200
[ 2218837] BODY: c3007
[ 2219031] HEAD: [0xB0]
[ 2220269] HEAD: [0x8F]01
[ 2220272] BODY: b0309200
[ 2220276] BODY: c000                  
[ 2220821] HEAD: [0x8F]01
[ 2220825] BODY: b030A200
[ 2220829] BODY: c000               OFF
[ 2221249] HEAD: [0x8F]01
[ 2221253] BODY: b030B200
[ 2221257] BODY: c000                  
[ 2221731] HEAD: [0x8F]01
[ 2221738] BODY: b030C200
[ 2221742] BODY: c000            MANUAL
[ 2222393] HEAD: [0x8F]01
[ 2222398] BODY: b030D200
[ 2222402] BODY: c000             3 min
[ 2223107] HEAD: [0x8F]01
[ 2223111] BODY: b030E200
[ 2223115] BODY: c000        APK101    
[ 2223900] HEAD: [0x8F]01
[ 2223904] BODY: b030F200
[ 2223908] BODY: c000               ALL
[ 2224502] HEAD: [0x8F]01
[ 2224505] BODY: b030G200
[ 2224509] BODY: c000              mile
[ 2225336] HEAD: [0x8F]01
[ 2225341] BODY: b030H200
[ 2225345] BODY: c000                [0xDF]F
[ 2226068] HEAD: [0x8F]01
[ 2226074] BODY: b030I200
[ 2226078] BODY: c000                 A
[ 2226790] HEAD: [0x8F]01
[ 2226795] BODY: b030J200
[ 2226799] BODY: c000          1200 bps
[ 2228636] HEAD: [0x8C]
[ 2228639] BODY: b030J300
[ 2228643] BODY: c000          1200 bps
[ 2228864] HEAD: [0xB0]
[ 2229503] HEAD: [0x8F]01
[ 2229509] BODY: c000          9600 bps
[ 2230592] HEAD: [0x8C]
[ 2230597] BODY: b030J200
[ 2230601] BODY: c000          9600 bps
[ 2230811] HEAD: [0xB0]
[ 2232779] HEAD: [0x87]
[ 2232783] BODY: 20
[ 2232784] BODY: P0   
[ 2232784] BODY: J1
[ 2232785] BODY: L70
[ 2232967] HEAD: [0xB0]
[ 2233201] BODY: J0
[ 2233202] BODY: L00
[ 2234102] BODY: J1
[ 2234103] BODY: L50
[ 2235203] BODY: L10
[ 2235304] BODY: J0
[ 2235304] BODY: L00
[ 2236891] HEAD: [0x87]
[ 2236893] BODY: 41
[ 2236894] BODY: P<  1
[ 2237828] HEAD: [0x97]
[ 2237831] BODY: 42
[ 2237832] BODY: P0   
[ 2238204] HEAD: [0xB0]
[ 2238908] BODY: J1
[ 2238909] BODY: L70
[ 2239909] BODY: L20
[ 2239955] HEAD: [0x84]
[ 2239957] BODY: 21
[ 2239958] BODY: 31
[ 2239962] BODY: V12           OPENING TNC
[ 2239963] BODY: 40
[ 2239964] BODY: P0   
[ 2239964] BODY: Z1
[ 2239965] BODY: J0
[ 2239965] BODY: L00
[ 2239966] BODY: 6002
[ 2239967] BODY: m00
[ 2240201] HEAD: [0xB0]
[ 2241010] BODY: J1
[ 2241010] BODY: L40
[ 2242013] BODY: L10
[ 2242112] BODY: L60
[ 2242271] BODY: P0   
[ 2243213] BODY: L30
[ 2243313] BODY: L20
[ 2243413] BODY: J0
[ 2243414] BODY: L00
[ 2245415] BODY: J1
[ 2245416] BODY: L70
[ 2245732] BODY: V0
[ 2245733] BODY: P0   
[ 2246117] BODY: L10
[ 2246216] BODY: J0
[ 2246217] BODY: L00
[ 2260983] HEAD: [0x80]1
[ 2260984] BODY: 01
[ 2261084] BODY: i
[ 2261084] BODY: ;1
[ 2261085] BODY: [0xCC]7
[ 2261085] BODY: j1
[ 2261087] BODY: dHELLO !!
[ 2261087] BODY: 11
[ 2261088] BODY: 54
[ 2261088] BODY: =0
[ 2261089] HEAD: [0xC0]0B
[ 2261089] BODY: Z4
[ 2261089] BODY: [4
[ 2261090] HEAD: [0xC1]00
[ 2261090] BODY: 700
[ 2261091] BODY: F0
[ 2261091] HEAD: [0xC2]12
[ 2261091] BODY: J0
[ 2261092] BODY: L00
[ 2261092] HEAD: [0xC3]00
[ 2261092] BODY: B0
[ 2261093] BODY: @0
[ 2261093] BODY: D0
[ 2261094] BODY: G0
[ 2261095] BODY: K0
[ 2261095] BODY: M00
[ 2261096] BODY: C0
[ 2261096] BODY: A0
[ 2261097] BODY: E0
[ 2261097] BODY: 20
[ 2261098] BODY: 4G
[ 2261098] BODY: k0
[ 2261099] BODY: X000
[ 2261100] BODY: H000
[ 2261102] BODY: R0        
[ 2261104] BODY: N0144.390  
[ 2261105] BODY: P0   
[ 2261106] BODY: Y000
[ 2261107] BODY: I000
[ 2261109] BODY: S1REMOTE CON
[ 2261110] BODY: Y??3
[ 2261112] BODY: O0440.000  
[ 2261113] BODY: P0   
[ 2261114] BODY: Q0   
[ 2261208] BODY: L02
[ 2261208] BODY: M00
[ 2261211] BODY: M04
[ 2261920] BODY: 21
[ 2261921] BODY: 34
[ 2261925] BODY: W12           OPENING TNC
[ 2261926] BODY: P0   
[ 2261927] BODY: [1
[ 2262105] BODY: J1
[ 2262105] BODY: L62
[ 2262204] BODY: L72
[ 2263004] BODY: J0
[ 2263005] BODY: L02
[ 2263104] BODY: J1
[ 2263105] BODY: L22
[ 2264006] BODY: J0
[ 2264007] BODY: L02
[ 2265364] BODY: W0
[ 2265365] BODY: P0   
[ 2265366] BODY: 25
[ 2265367] BODY: 6022
[ 2265368] BODY: m00
[ 2265407] BODY: [4
[ 2270711] HEAD: [0x80]0
[ 2270714] BODY: 00
[ 2272786] HEAD: [0x80]1
[ 2272787] BODY: 01
[ 2272886] BODY: i
[ 2272887] BODY: ;1
[ 2272887] BODY: [0xCC]7
[ 2272888] BODY: j1
[ 2272890] BODY: dHELLO !!
[ 2272890] BODY: 11
[ 2272891] BODY: 54
[ 2272891] BODY: =0
[ 2272891] HEAD: [0xC0]0B
[ 2272892] BODY: Z4
[ 2272892] BODY: [4
[ 2272893] HEAD: [0xC1]00
[ 2272893] BODY: 700
[ 2272893] BODY: F0
[ 2272894] HEAD: [0xC2]12
[ 2272894] BODY: J0
[ 2272895] BODY: L00
[ 2272895] HEAD: [0xC3]00
[ 2272895] BODY: B0
[ 2272896] BODY: @0
[ 2272896] BODY: D0
[ 2272897] BODY: G0
[ 2272897] BODY: K0
[ 2272898] BODY: M00
[ 2272899] BODY: C0
[ 2272899] BODY: A0
[ 2272900] BODY: E0
[ 2272900] BODY: 20
[ 2272901] BODY: 4G
[ 2272901] BODY: k0
[ 2272902] BODY: X000
[ 2272903] BODY: H000
[ 2272905] BODY: R0        
[ 2272907] BODY: N0144.390  
[ 2272908] BODY: P0   
[ 2272909] BODY: Y000
[ 2272910] BODY: I000
[ 2272912] BODY: S1REMOTE CON
[ 2272913] BODY: Y??3
[ 2272915] BODY: O0440.000  
[ 2272916] BODY: P0   
[ 2272917] BODY: Q0   
[ 2273011] BODY: L02
[ 2273011] BODY: M00
[ 2273013] BODY: M04
[ 2273723] BODY: 21
[ 2273724] BODY: 34
[ 2273728] BODY: W12           OPENING TNC
[ 2273729] BODY: P0   
[ 2273730] BODY: [1
[ 2274066] HEAD: [0x80]0
[ 2274067] BODY: 00
[ 2331222] HEAD: [0x80]1
[ 2331222] BODY: 01
[ 2331322] BODY: i
[ 2331323] BODY: ;1
[ 2331323] BODY: [0xCC]7
[ 2331324] BODY: j1
[ 2331325] BODY: dHELLO !!
[ 2331326] BODY: 11
[ 2331326] BODY: 54
[ 2331327] BODY: =0
[ 2331327] HEAD: [0xC0]0B
[ 2331328] BODY: Z4
[ 2331328] BODY: [4
[ 2331328] HEAD: [0xC1]00
[ 2331329] BODY: 700
[ 2331329] BODY: F0
[ 2331330] HEAD: [0xC2]12
[ 2331330] BODY: J0
[ 2331331] BODY: L00
[ 2331331] HEAD: [0xC3]00
[ 2331331] BODY: B0
[ 2331332] BODY: @0
[ 2331332] BODY: D0
[ 2331333] BODY: G0
[ 2331333] BODY: K0
[ 2331334] BODY: M00
[ 2331334] BODY: C0
[ 2331335] BODY: A0
[ 2331335] BODY: E0
[ 2331336] BODY: 20
[ 2331336] BODY: 4G
[ 2331337] BODY: k0
[ 2331338] BODY: X000
[ 2331339] BODY: H000
[ 2331341] BODY: R0        
[ 2331343] BODY: N0144.390  
[ 2331344] BODY: P0   
[ 2331345] BODY: Y000
[ 2331345] BODY: I000
[ 2331348] BODY: S1REMOTE CON
[ 2331349] BODY: Y??3
[ 2331351] BODY: O0440.000  
[ 2331352] BODY: P0   
[ 2331353] BODY: Q0   
[ 2331446] BODY: L02
[ 2331447] BODY: M00
[ 2331449] BODY: M04
[ 2332158] BODY: 21
[ 2332159] BODY: 34
[ 2332163] BODY: W12           OPENING TNC
[ 2332164] BODY: P0   
[ 2332165] BODY: [1
[ 2335362] BODY: W0
[ 2335363] BODY: P0   
[ 2335365] BODY: 25
[ 2335366] BODY: 6022
[ 2335367] BODY: m00
[ 2335446] BODY: [4
[ 2344314] HEAD: [0x82]
[ 2344315] BODY: 22
[ 2344317] BODY: b130J000
[ 2344463] HEAD: [0xB0]
[ 2346633] HEAD: [0x8F]01
[ 2346636] BODY: b1401000
[ 2346758] HEAD: [0x8F]01
[ 2346764] BODY: b1401000
[ 2348678] HEAD: [0x8C]
[ 2348681] BODY: b1401200
[ 2348685] BODY: c000        NOCALL    
[ 2348882] HEAD: [0xB0]
[ 2349908] HEAD: [0x8F]01
[ 2349912] BODY: b140A200
[ 2349916] BODY: c000                ON
[ 2351242] HEAD: [0x8F]01
[ 2351249] BODY: b140A200
[ 2351253] BODY: c000                ON
[ 2352326] HEAD: [0x8F]FF
[ 2352331] BODY: b140A200
[ 2352335] BODY: c000                ON
[ 2352738] HEAD: [0x8F]FF
[ 2352742] BODY: b140A200
[ 2352746] BODY: c000                ON
[ 2352988] HEAD: [0x8F]FF
[ 2352991] BODY: b140A200
[ 2352995] BODY: c000                ON
[ 2353220] HEAD: [0x8F]01
[ 2353228] BODY: b140A200
[ 2353232] BODY: c000                ON
[ 2353732] HEAD: [0x8C]
[ 2353735] BODY: b140A300
[ 2353739] BODY: c000                ON
[ 2353851] HEAD: [0xB0]
[ 2354245] HEAD: [0x8F]02
[ 2354251] BODY: c000                ON
[ 2354306] HEAD: [0x8F]01
[ 2354311] BODY: c000               OFF
[ 2354495] HEAD: [0x8F]01
[ 2354503] BODY: c000                ON
[ 2354555] HEAD: [0x8F]FF
[ 2354563] BODY: c000               OFF
[ 2354615] HEAD: [0x8F]FF
[ 2354620] BODY: c000                ON
[ 2355037] HEAD: [0x8F]01
[ 2355043] BODY: c000               OFF
[ 2355608] HEAD: [0x8C]
[ 2355613] BODY: b140A200
[ 2355617] BODY: c000               OFF
[ 2355775] HEAD: [0xB0]
[ 2359510] HEAD: [0x8C]
[ 2359514] BODY: b140A300
[ 2359518] BODY: c000               OFF
[ 2359710] HEAD: [0xB0]
[ 2361542] HEAD: [0x88]
[ 2361546] BODY: b140A200
[ 2361550] BODY: c000               OFF
[ 2361685] HEAD: [0xB0]
[ 2362437] HEAD: [0x8F]01
[ 2362441] BODY: b140A200
[ 2362445] BODY: c000               OFF
[ 2362627] HEAD: [0x8F]01
[ 2362633] BODY: b140A200
[ 2362637] BODY: c000               OFF
[ 2362687] HEAD: [0x8F]01
[ 2362691] BODY: b140A200
[ 2362695] BODY: c000               OFF
[ 2362807] HEAD: [0x8F]01
[ 2362811] BODY: b140A200
[ 2362815] BODY: c000               OFF
[ 2362919] HEAD: [0x8F]01
[ 2362922] BODY: b140A200
[ 2362926] BODY: c000               OFF
[ 2362979] HEAD: [0x8F]01
[ 2362982] BODY: b140A200
[ 2362986] BODY: c000               OFF
[ 2363169] HEAD: [0x8F]FF
[ 2363174] BODY: b140A200
[ 2363178] BODY: c000               OFF
[ 2363229] HEAD: [0x8F]FE
[ 2363235] BODY: b140A200
[ 2363239] BODY: c000               OFF
[ 2363240] BODY: b140A200
[ 2363244] BODY: c000               OFF
[ 2363290] HEAD: [0x8F]FF
[ 2363294] BODY: b140A200
[ 2363298] BODY: c000               OFF
[ 2363350] HEAD: [0x8F]FF
[ 2363354] BODY: b140A200
[ 2363358] BODY: c000               OFF
[ 2363711] HEAD: [0x8F]FF
[ 2363715] BODY: b140A200
[ 2363719] BODY: c000               OFF
[ 2363831] HEAD: [0x8F]FF
[ 2363835] BODY: b140A200
[ 2363839] BODY: c000               OFF
[ 2365137] HEAD: [0x87]
[ 2365140] BODY: 25
[ 2365344] HEAD: [0xB0]
[ 2367534] HEAD: [0x82]
[ 2367536] BODY: 22
[ 2367537] BODY: b140A000
[ 2367749] HEAD: [0xB0]
[ 2368918] HEAD: [0x8C]
[ 2368922] BODY: b1404200
[ 2368926] BODY: c000         COMMANDER
[ 2369138] HEAD: [0xB0]
[ 2370197] HEAD: [0x8F]01
[ 2370203] BODY: b140A200
[ 2370207] BODY: c000               OFF
[ 2370257] HEAD: [0x8F]01
[ 2370262] BODY: b140A200
[ 2370266] BODY: c000               OFF
[ 2370370] HEAD: [0x8F]01
[ 2370375] BODY: b140A200
[ 2370379] BODY: c000               OFF
[ 2370740] HEAD: [0x8F]FF
[ 2370744] BODY: b140A200
[ 2370748] BODY: c000               OFF
[ 2370912] HEAD: [0x8F]FF
[ 2370915] BODY: b140A200
[ 2370919] BODY: c000               OFF
[ 2371162] HEAD: [0x8F]FF
[ 2371168] BODY: b140A200
[ 2371172] BODY: c000               OFF
[ 2371454] HEAD: [0x8F]FF
[ 2371460] BODY: b140A200
[ 2371464] BODY: c000               OFF
[ 2371704] HEAD: [0x8F]FF
[ 2371708] BODY: b140A200
[ 2371712] BODY: c000               OFF
[ 2371996] HEAD: [0x8F]02
[ 2372000] BODY: b140A200
[ 2372004] BODY: c000               OFF
[ 2372005] BODY: b140A200
[ 2372009] BODY: c000               OFF
[ 2372057] HEAD: [0x8F]02
[ 2372061] BODY: b140A200
[ 2372065] BODY: c000               OFF
[ 2372066] BODY: b140A200
[ 2372070] BODY: c000               OFF
[ 2372117] HEAD: [0x8F]02
[ 2372120] BODY: b140A200
[ 2372124] BODY: c000               OFF
[ 2372126] BODY: b140A200
[ 2372130] BODY: c000               OFF
[ 2372246] HEAD: [0x8F]04
[ 2372252] BODY: b140A200
[ 2372256] BODY: c000               OFF
[ 2372258] BODY: b140A200
[ 2372262] BODY: c000               OFF
[ 2372264] BODY: b140A200
[ 2372268] BODY: c000               OFF
[ 2372269] BODY: b140A200
[ 2372273] BODY: c000               OFF
[ 2372658] HEAD: [0x8F]FE
[ 2372661] BODY: b140A200
[ 2372665] BODY: c000               OFF
[ 2372667] BODY: b140A200
[ 2372671] BODY: c000               OFF
[ 2372788] HEAD: [0x8F]FC
[ 2372793] BODY: b140A200
[ 2372797] BODY: c000               OFF
[ 2372799] BODY: b140A200
[ 2372803] BODY: c000               OFF
[ 2372804] BODY: b140A200
[ 2372808] BODY: c000               OFF
[ 2372810] BODY: b140A200
[ 2372814] BODY: c000               OFF
[ 2373159] HEAD: [0x8C]
[ 2373163] BODY: b140A300
[ 2373167] BODY: c000               OFF
[ 2373350] HEAD: [0xB0]
[ 2373669] HEAD: [0x87]
[ 2373671] BODY: 25
[ 2373883] HEAD: [0xB0]
[ 2375934] HEAD: [0x82]
[ 2375936] BODY: 22
[ 2375938] BODY: b140A000
[ 2376091] HEAD: [0xB0]
[ 2376919] HEAD: [0x8C]
[ 2376923] BODY: b1404200
[ 2376927] BODY: c000         COMMANDER
[ 2377149] HEAD: [0xB0]
[ 2377888] HEAD: [0x8F]01
[ 2377891] BODY: b140A200
[ 2377895] BODY: c000               OFF
[ 2378078] HEAD: [0x8F]02
[ 2378084] BODY: b140A200
[ 2378088] BODY: c000               OFF
[ 2378089] BODY: b140A200
[ 2378093] BODY: c000               OFF
[ 2378490] HEAD: [0x8F]FF
[ 2378495] BODY: b140A200
[ 2378499] BODY: c000               OFF
[ 2378620] HEAD: [0x8F]FF
[ 2378624] BODY: b140A200
[ 2378628] BODY: c000               OFF
[ 2379517] HEAD: [0x8C]
[ 2379520] BODY: b140A300
[ 2379524] BODY: c000               OFF
[ 2379892] HEAD: [0xB0]
[ 2381005] HEAD: [0x88]
[ 2381008] BODY: b140A200
[ 2381012] BODY: c000               OFF
[ 2381246] HEAD: [0xB0]
[ 2382036] HEAD: [0x87]
[ 2382039] BODY: 25
[ 2382180] HEAD: [0xB0]
[ 2383000] HEAD: [0x87]
[ 2383258] HEAD: [0xB0]
[ 2384978] HEAD: [0x80]0
[ 2384980] BODY: 00
[ 2403671] BODY: ;1
[ 2403672] BODY: <7
[ 2403672] BODY: 2K
[ 2403673] BODY: e0
[ 2403804] HEAD: [0x80]2
[ 2404304] HEAD: [0x80]2
[ 2404804] HEAD: [0x80]2
[ 2405304] HEAD: [0x80]2
[ 2405804] HEAD: [0x80]2
[ 2406304] HEAD: [0x80]2
[ 2407974] BODY: i
[ 2407974] BODY: ;1
[ 2407975] BODY: [0xCC]7
[ 2407975] BODY: j0
[ 2407977] BODY: dHELLO !!
[ 2407977] BODY: 11
[ 2407978] BODY: 50
[ 2407979] BODY: =0
[ 2407979] BODY: Z0
[ 2407980] BODY: [0
[ 2407980] BODY: 700
[ 2407981] BODY: F0
[ 2407981] BODY: J0
[ 2407982] BODY: L00
[ 2407983] BODY: B0
[ 2407983] BODY: @0
[ 2407984] BODY: D0
[ 2407984] BODY: G0
[ 2407985] BODY: K0
[ 2407985] BODY: M00
[ 2407986] BODY: C0
[ 2407986] BODY: A0
[ 2407987] BODY: E0
[ 2407987] BODY: 20
[ 2407988] BODY: 40
[ 2407988] BODY: k0
[ 2407989] BODY: X000
[ 2407990] BODY: H000
[ 2407992] BODY: R0        
[ 2407994] BODY: N0144.000  
[ 2407995] BODY: P0   
[ 2407996] BODY: Y000
[ 2407997] BODY: I000
[ 2407999] BODY: S0        
[ 2408001] BODY: O0440.000  
[ 2408002] BODY: P0   
[ 2408003] BODY: Q0   
[ 2408097] BODY: 01
[ 2408097] BODY: i
[ 2408098] BODY: ;1
[ 2408098] BODY: [0xCC]7
[ 2408099] BODY: j0
[ 2408101] BODY: dHELLO !!
[ 2408101] BODY: 11
[ 2408102] BODY: 50
[ 2408102] BODY: =0
[ 2408103] BODY: Z0
[ 2408104] BODY: [0  
[ 2408105] BODY: P0   
[ 2408106] BODY: Q0   
[ 2408107] BODY: Y000
[ 2408107] BODY: I000
[ 2408109] BODY: S0        
[ 2408111] BODY: O0440.000  
[ 2408112] HEAD: [0xC0]0B
[ 2408112] BODY: P0   
[ 2408113] HEAD: [0xC1]00
[ 2408114] BODY: Q0   
[ 2408114] BODY: 01
[ 2408114] BODY: i
[ 2408115] HEAD: [0xC2]12
[ 2408115] BODY: ;1
[ 2408115] BODY: [0xCC]7
[ 2408116] HEAD: [0xC3]00
[ 2408116] BODY: j0
[ 2408118] BODY: dHELLO !!
[ 2408118] BODY: 11
[ 2408119] BODY: 50
[ 2408119] BODY: =0
[ 2408120] BODY: Z0
[ 2408120] BODY: [0
[ 2408121] BODY: 700
[ 2408121] BODY: F0
[ 2408122] BODY: J0
[ 2408123] BODY: L00
[ 2408123] BODY: B0
[ 2408124] BODY: @0
[ 2408124] BODY: D0
[ 2408125] BODY: G0
[ 2408125] BODY: K0
[ 2408126] BODY: M00
[ 2408126] BODY: C0
[ 2408127] BODY: A0
[ 2408128] BODY: E0
[ 2408128] BODY: 20
[ 2408129] BODY: 40
[ 2408129] BODY: k0
[ 2408130] BODY: X000
[ 2408131] BODY: H000
[ 2408133] BODY: R0        
[ 2408177] BODY: N0144.000  
[ 2408178] HEAD: [0x13][0x11][0xC0]0B
[ 2408179] BODY: P0   
[ 2408179] HEAD: [0xC1]00
[ 2408180] BODY: Q0   
[ 2408180] BODY: Y000
[ 2408181] HEAD: [0xC2]12
[ 2408181] BODY: I000
[ 2408182] HEAD: [0xC3]00
[ 2408183] BODY: S0        
[ 2408185] BODY: O0440.000  
[ 2408186] BODY: P0   
[ 2408187] BODY: Q0   
[ 2408189] BODY: J1
[ 2408190] BODY: L50
[ 2408289] BODY: L60
[ 2409094] BODY: 0
[ 2409096] BODY: R0        
[ 2409098] BODY: N0144.000  
[ 2409100] BODY: S0        
[ 2409102] BODY: O0440.000  
[ 2409103] BODY: P0   
[ 2409104] BODY: Q0   
[ 2420261] HEAD: [0x82]
[ 2420264] BODY: 22
[ 2420266] BODY: b0111000
[ 2420403] HEAD: [0xB0]
[ 2421573] HEAD: [0x8F]01
[ 2421578] BODY: b0201000
[ 2421641] HEAD: [0x8F]01
[ 2421646] BODY: b0301000
[ 2423243] HEAD: [0x8C]
[ 2423247] BODY: b0301200
[ 2423251] BODY: c000        NOCALL    
[ 2423419] HEAD: [0xB0]
[ 2425559] HEAD: [0x8C]
[ 2425563] BODY: b03014B0
[ 2425567] BODY: c009       [0x06]NOCALL[0x14][0x14][0x14][0x0F]
[ 2425715] HEAD: [0xB0]
[ 2426498] HEAD: [0x8F]01
[ 2426503] BODY: b0301
[ 2426507] BODY: c009       [0x06]OOCALL[0x14][0x14][0x14][0x0F]
[ 2426589] HEAD: [0x8F]01
[ 2426592] BODY: b0301
[ 2426596] BODY: c009       [0x06]POCALL[0x14][0x14][0x14][0x0F]
[ 2426739] HEAD: [0x8F]01
[ 2426743] BODY: b0301
[ 2426747] BODY: c009       [0x06]QOCALL[0x14][0x14][0x14][0x0F]
[ 2426889] HEAD: [0x8F]01
[ 2426895] BODY: b0301
[ 2426899] BODY: c009       [0x06]ROCALL[0x14][0x14][0x14][0x0F]
[ 2427042] HEAD: [0x8F]01
[ 2427048] BODY: b0301
[ 2427052] BODY: c009       [0x06]SOCALL[0x14][0x14][0x14][0x0F]
[ 2427135] HEAD: [0x8F]01
[ 2427141] BODY: b0301
[ 2427145] BODY: c009       [0x06]TOCALL[0x14][0x14][0x14][0x0F]
[ 2427913] HEAD: [0x8F]FC
[ 2427917] BODY: b0301
[ 2427921] BODY: c009       [0x06]POCALL[0x14][0x14][0x14][0x0F]
[ 2428004] HEAD: [0x8F]FE
[ 2428010] BODY: b0301
[ 2428014] BODY: c009       [0x06]NOCALL[0x14][0x14][0x14][0x0F]
[ 2428097] HEAD: [0x8F]FF
[ 2428101] BODY: b0301
[ 2428105] BODY: c009       [0x06]MOCALL[0x14][0x14][0x14][0x0F]
[ 2428382] HEAD: [0x8F]FF
[ 2428385] BODY: b0301
[ 2428389] BODY: c009       [0x06]LOCALL[0x14][0x14][0x14][0x0F]
[ 2428533] HEAD: [0x8F]FD
[ 2428538] BODY: b0301
[ 2428542] BODY: c009       [0x06]IOCALL[0x14][0x14][0x14][0x0F]
[ 2428963] HEAD: [0x8F]FE
[ 2428967] BODY: b0301
[ 2428971] BODY: c009       [0x06]GOCALL[0x14][0x14][0x14][0x0F]
[ 2429114] HEAD: [0x8F]FE
[ 2429119] BODY: b0301
[ 2429123] BODY: c009       [0x06]EOCALL[0x14][0x14][0x14][0x0F]
[ 2429674] HEAD: [0x8F]02
[ 2429679] BODY: b0301
[ 2429683] BODY: c009       [0x06]GOCALL[0x14][0x14][0x14][0x0F]
[ 2429924] HEAD: [0x8F]FF
[ 2429928] BODY: b0301
[ 2429932] BODY: c009       [0x06]FOCALL[0x14][0x14][0x14][0x0F]
[ 2430234] HEAD: [0x8F]FF
[ 2430237] BODY: b0301
[ 2430241] BODY: c009       [0x06]EOCALL[0x14][0x14][0x14][0x0F]
[ 2430383] HEAD: [0x8F]FF
[ 2430388] BODY: b0301
[ 2430392] BODY: c009       [0x06]DOCALL[0x14][0x14][0x14][0x0F]
[ 2430845] HEAD: [0x8F]01
[ 2430848] BODY: b0301
[ 2430852] BODY: c009       [0x06]EOCALL[0x14][0x14][0x14][0x0F]
[ 2430935] HEAD: [0x8F]01
[ 2430937] BODY: b0301
[ 2430941] BODY: c009       [0x06]FOCALL[0x14][0x14][0x14][0x0F]
[ 2431414] HEAD: [0x8F]01
[ 2431421] BODY: b0301
[ 2431425] BODY: c009       [0x06]GOCALL[0x14][0x14][0x14][0x0F]
[ 2432095] HEAD: [0x8F]01
[ 2432098] BODY: b0301
[ 2432102] BODY: c009       [0x06]HOCALL[0x14][0x14][0x14][0x0F]
[ 2432675] HEAD: [0x8F]01
[ 2432679] BODY: b0301
[ 2432683] BODY: c009       [0x06]IOCALL[0x14][0x14][0x14][0x0F]
[ 2433386] HEAD: [0x8F]01
[ 2433391] BODY: b0301
[ 2433395] BODY: c009       [0x06]JOCALL[0x14][0x14][0x14][0x0F]
[ 2433946] HEAD: [0x8F]01
[ 2433952] BODY: b0301
[ 2433956] BODY: c009       [0x06]KOCALL[0x14][0x14][0x14][0x0F]
[ 2434689] HEAD: [0x8C]
[ 2434722] BODY: b0301200
[ 2434726] BODY: c000        KOCALL    
[ 2434933] HEAD: [0xB0]
[ 2436379] HEAD: [0x8C]
[ 2436382] BODY: b03014B0
[ 2436386] BODY: c009       [0x06]KOCALL[0x14][0x14][0x14][0x0F]
[ 2436594] HEAD: [0xB0]
[ 2438304] HEAD: [0x8A]
[ 2438308] BODY: c510
[ 2438472] HEAD: [0xB0]
[ 2438810] HEAD: [0x8F]01
[ 2438814] BODY: b0301
[ 2438818] BODY: c010       [0x06]KPCALL[0x14][0x14][0x14][0x0F]
[ 2438893] HEAD: [0x8F]01
[ 2438898] BODY: b0301
[ 2438902] BODY: c010       [0x06]KQCALL[0x14][0x14][0x14][0x0F]
[ 2439203] HEAD: [0x8F]01
[ 2439207] BODY: b0301
[ 2439211] BODY: c010       [0x06]KRCALL[0x14][0x14][0x14][0x0F]
[ 2439294] HEAD: [0x8F]01
[ 2439298] BODY: b0301
[ 2439302] BODY: c010       [0x06]KSCALL[0x14][0x14][0x14][0x0F]
[ 2439385] HEAD: [0x8F]01
[ 2439390] BODY: b0301
[ 2439394] BODY: c010       [0x06]KTCALL[0x14][0x14][0x14][0x0F]
[ 2439611] HEAD: [0x8F]FE
[ 2439615] BODY: b0301
[ 2439619] BODY: c010       [0x06]KRCALL[0x14][0x14][0x14][0x0F]
[ 2439702] HEAD: [0x8F]FE
[ 2439706] BODY: b0301
[ 2439710] BODY: c010       [0x06]KPCALL[0x14][0x14][0x14][0x0F]
[ 2439784] HEAD: [0x8F]FF
[ 2439788] BODY: b0301
[ 2439792] BODY: c010       [0x06]KOCALL[0x14][0x14][0x14][0x0F]
[ 2440152] HEAD: [0x8F]FF
[ 2440159] BODY: b0301
[ 2440163] BODY: c010       [0x06]KNCALL[0x14][0x14][0x14][0x0F]
[ 2440246] HEAD: [0x8F]FE
[ 2440252] BODY: b0301
[ 2440256] BODY: c010       [0x06]KLCALL[0x14][0x14][0x14][0x0F]
[ 2440399] HEAD: [0x8F]FF
[ 2440403] BODY: b0301
[ 2440407] BODY: c010       [0x06]KKCALL[0x14][0x14][0x14][0x0F]
[ 2440709] HEAD: [0x8F]FF
[ 2440711] BODY: b0301
[ 2440715] BODY: c010       [0x06]KJCALL[0x14][0x14][0x14][0x0F]
[ 2440798] HEAD: [0x8F]FF
[ 2440804] BODY: b0301
[ 2440808] BODY: c010       [0x06]KICALL[0x14][0x14][0x14][0x0F]
[ 2440972] HEAD: [0x8F]FF
[ 2440976] BODY: b0301
[ 2440980] BODY: c010       [0x06]KHCALL[0x14][0x14][0x14][0x0F]
[ 2441282] HEAD: [0x8F]FF
[ 2441288] BODY: b0301
[ 2441292] BODY: c010       [0x06]KGCALL[0x14][0x14][0x14][0x0F]
[ 2441375] HEAD: [0x8F]FF
[ 2441377] BODY: b0301
[ 2441381] BODY: c010       [0x06]KFCALL[0x14][0x14][0x14][0x0F]
[ 2441464] HEAD: [0x8F]FF
[ 2441469] BODY: b0301
[ 2441473] BODY: c010       [0x06]KECALL[0x14][0x14][0x14][0x0F]
[ 2441630] HEAD: [0x8F]FF
[ 2441636] BODY: b0301
[ 2441640] BODY: c010       [0x06]KDCALL[0x14][0x14][0x14][0x0F]
[ 2441723] HEAD: [0x8F]FF
[ 2441728] BODY: b0301
[ 2441732] BODY: c010       [0x06]KCCALL[0x14][0x14][0x14][0x0F]
[ 2442236] HEAD: [0x8F]01
[ 2442241] BODY: b0301
[ 2442245] BODY: c010       [0x06]KDCALL[0x14][0x14][0x14][0x0F]
[ 2442568] HEAD: [0x8F]01
[ 2442574] BODY: b0301
[ 2442578] BODY: c010       [0x06]KECALL[0x14][0x14][0x14][0x0F]
[ 2443696] HEAD: [0x8C]
[ 2443729] BODY: b0301200
[ 2443733] BODY: c000        KECALL    
[ 2443903] HEAD: [0xB0]
[ 2448082] HEAD: [0x8C]
[ 2448086] BODY: b03014B0
[ 2448090] BODY: c009       [0x06]KECALL[0x14][0x14][0x14][0x0F]
[ 2448298] HEAD: [0xB0]
[ 2449802] HEAD: [0x8A]
[ 2449805] BODY: c510
[ 2449967] HEAD: [0xB0]
[ 2450239] HEAD: [0x8A]
[ 2450242] BODY: c511
[ 2450330] HEAD: [0xB0]
[ 2450685] HEAD: [0x8F]01
[ 2450688] BODY: b0301
[ 2450692] BODY: c011       [0x06]KEDALL[0x14][0x14][0x14][0x0F]
[ 2451145] HEAD: [0x8F]02
[ 2451148] BODY: b0301
[ 2451152] BODY: c011       [0x06]KEFALL[0x14][0x14][0x14][0x0F]
[ 2451395] HEAD: [0x8F]01
[ 2451399] BODY: b0301
[ 2451403] BODY: c011       [0x06]KEGALL[0x14][0x14][0x14][0x0F]
[ 2451546] HEAD: [0x8F]01
[ 2451552] BODY: b0301
[ 2451556] BODY: c011       [0x06]KEHALL[0x14][0x14][0x14][0x0F]
[ 2451719] HEAD: [0x8F]01
[ 2451725] BODY: b0301
[ 2451729] BODY: c011       [0x06]KEIALL[0x14][0x14][0x14][0x0F]
[ 2452149] HEAD: [0x8F]01
[ 2452153] BODY: b0301
[ 2452157] BODY: c011       [0x06]KEJALL[0x14][0x14][0x14][0x0F]
[ 2452300] HEAD: [0x8F]03
[ 2452305] BODY: b0301
[ 2452309] BODY: c011       [0x06]KEMALL[0x14][0x14][0x14][0x0F]
[ 2452392] HEAD: [0x8F]01
[ 2452396] BODY: b0301
[ 2452400] BODY: c011       [0x06]KENALL[0x14][0x14][0x14][0x0F]
[ 2452483] HEAD: [0x8F]02
[ 2452489] BODY: b0301
[ 2452493] BODY: c011       [0x06]KEPALL[0x14][0x14][0x14][0x0F]
[ 2452876] HEAD: [0x8F]01
[ 2452882] BODY: b0301
[ 2452886] BODY: c011       [0x06]KEQALL[0x14][0x14][0x14][0x0F]
[ 2452969] HEAD: [0x8F]01
[ 2452973] BODY: b0301
[ 2452977] BODY: c011       [0x06]KERALL[0x14][0x14][0x14][0x0F]
[ 2453060] HEAD: [0x8F]01
[ 2453066] BODY: b0301
[ 2453070] BODY: c011       [0x06]KESALL[0x14][0x14][0x14][0x0F]
[ 2453226] HEAD: [0x8F]01
[ 2453230] BODY: b0301
[ 2453234] BODY: c011       [0x06]KETALL[0x14][0x14][0x14][0x0F]
[ 2453317] HEAD: [0x8F]01
[ 2453321] BODY: b0301
[ 2453325] BODY: c011       [0x06]KEUALL[0x14][0x14][0x14][0x0F]
[ 2453468] HEAD: [0x8F]01
[ 2453474] BODY: b0301
[ 2453478] BODY: c011       [0x06]KEVALL[0x14][0x14][0x14][0x0F]
[ 2453899] HEAD: [0x8F]01
[ 2453903] BODY: b0301
[ 2453907] BODY: c011       [0x06]KEWALL[0x14][0x14][0x14][0x0F]
[ 2454050] HEAD: [0x8F]02
[ 2454054] BODY: b0301
[ 2454058] BODY: c011       [0x06]KEYALL[0x14][0x14][0x14][0x0F]
[ 2454141] HEAD: [0x8F]01
[ 2454147] BODY: b0301
[ 2454151] BODY: c011       [0x06]KEZALL[0x14][0x14][0x14][0x0F]
[ 2454234] HEAD: [0x8F]01
[ 2454238] BODY: b0301
[ 2454242] BODY: c011       [0x06]KE-ALL[0x14][0x14][0x14][0x0F]
[ 2454317] HEAD: [0x8F]01
[ 2454320] BODY: b0301
[ 2454324] BODY: c011       [0x06]KE0ALL[0x14][0x14][0x14][0x0F]
[ 2454877] HEAD: [0x8F]02
[ 2454883] BODY: b0301
[ 2454887] BODY: c011       [0x06]KE2ALL[0x14][0x14][0x14][0x0F]
[ 2454970] HEAD: [0x8F]01
[ 2454976] BODY: b0301
[ 2454980] BODY: c011       [0x06]KE3ALL[0x14][0x14][0x14][0x0F]
[ 2455063] HEAD: [0x8F]01
[ 2455067] BODY: b0301
[ 2455071] BODY: c011       [0x06]KE4ALL[0x14][0x14][0x14][0x0F]
[ 2455214] HEAD: [0x8F]01
[ 2455220] BODY: b0301
[ 2455224] BODY: c011       [0x06]KE5ALL[0x14][0x14][0x14][0x0F]
[ 2456024] HEAD: [0x8F]FF
[ 2456029] BODY: b0301
[ 2456033] BODY: c011       [0x06]KE4ALL[0x14][0x14][0x14][0x0F]
[ 2456959] HEAD: [0x8A]
[ 2456961] BODY: c512
[ 2457185] HEAD: [0xB0]
[ 2457544] HEAD: [0x8F]01
[ 2457547] BODY: b0301
[ 2457551] BODY: c012       [0x06]KE4BLL[0x14][0x14][0x14][0x0F]
[ 2457695] HEAD: [0x8F]01
[ 2457700] BODY: b0301
[ 2457704] BODY: c012       [0x06]KE4CLL[0x14][0x14][0x14][0x0F]
[ 2458116] HEAD: [0x8F]02
[ 2458120] BODY: b0301
[ 2458124] BODY: c012       [0x06]KE4ELL[0x14][0x14][0x14][0x0F]
[ 2458546] HEAD: [0x8F]01
[ 2458552] BODY: b0301
[ 2458556] BODY: c012       [0x06]KE4FLL[0x14][0x14][0x14][0x0F]
[ 2458699] HEAD: [0x8F]02
[ 2458704] BODY: b0301
[ 2458708] BODY: c012       [0x06]KE4HLL[0x14][0x14][0x14][0x0F]
[ 2458850] HEAD: [0x8F]01
[ 2458856] BODY: b0301
[ 2458860] BODY: c012       [0x06]KE4ILL[0x14][0x14][0x14][0x0F]
[ 2458943] HEAD: [0x8F]01
[ 2458949] BODY: b0301
[ 2458953] BODY: c012       [0x06]KE4JLL[0x14][0x14][0x14][0x0F]
[ 2459453] HEAD: [0x8F]01
[ 2459456] BODY: b0301
[ 2459460] BODY: c012       [0x06]KE4KLL[0x14][0x14][0x14][0x0F]
[ 2459603] HEAD: [0x8F]01
[ 2459609] BODY: b0301
[ 2459613] BODY: c012       [0x06]KE4LLL[0x14][0x14][0x14][0x0F]
[ 2459695] HEAD: [0x8F]01
[ 2459702] BODY: b0301
[ 2459706] BODY: c012       [0x06]KE4MLL[0x14][0x14][0x14][0x0F]
[ 2459789] HEAD: [0x8F]01
[ 2459793] BODY: b0301
[ 2459797] BODY: c012       [0x06]KE4NLL[0x14][0x14][0x14][0x0F]
[ 2460432] HEAD: [0x8F]01
[ 2460438] BODY: b0301
[ 2460442] BODY: c012       [0x06]KE4OLL[0x14][0x14][0x14][0x0F]
[ 2460525] HEAD: [0x8F]01
[ 2460530] BODY: b0301
[ 2460534] BODY: c012       [0x06]KE4PLL[0x14][0x14][0x14][0x0F]
[ 2460801] HEAD: [0x8F]01
[ 2460807] BODY: b0301
[ 2460811] BODY: c012       [0x06]KE4QLL[0x14][0x14][0x14][0x0F]
[ 2461302] HEAD: [0x8F]FF
[ 2461307] BODY: b0301
[ 2461311] BODY: c012       [0x06]KE4PLL[0x14][0x14][0x14][0x0F]
[ 2462003] HEAD: [0x8A]
[ 2462006] BODY: c513
[ 2462195] HEAD: [0xB0]
[ 2462648] HEAD: [0x8F]01
[ 2462653] BODY: b0301
[ 2462657] BODY: c013       [0x06]KE4PML[0x14][0x14][0x14][0x0F]
[ 2462740] HEAD: [0x8F]01
[ 2462744] BODY: b0301
[ 2462748] BODY: c013       [0x06]KE4PNL[0x14][0x14][0x14][0x0F]
[ 2462912] HEAD: [0x8F]01
[ 2462916] BODY: b0301
[ 2462920] BODY: c013       [0x06]KE4POL[0x14][0x14][0x14][0x0F]
[ 2463221] HEAD: [0x8F]01
[ 2463225] BODY: b0301
[ 2463229] BODY: c013       [0x06]KE4PPL[0x14][0x14][0x14][0x0F]
[ 2463592] HEAD: [0x8F]01
[ 2463598] BODY: b0301
[ 2463602] BODY: c013       [0x06]KE4PQL[0x14][0x14][0x14][0x0F]
[ 2463805] HEAD: [0x8F]01
[ 2463811] BODY: b0301
[ 2463815] BODY: c013       [0x06]KE4PRL[0x14][0x14][0x14][0x0F]
[ 2464176] HEAD: [0x8F]01
[ 2464182] BODY: b0301
[ 2464186] BODY: c013       [0x06]KE4PSL[0x14][0x14][0x14][0x0F]
[ 2464889] HEAD: [0x8F]FC
[ 2464892] BODY: b0301
[ 2464896] BODY: c013       [0x06]KE4POL[0x14][0x14][0x14][0x0F]
[ 2464979] HEAD: [0x8F]FE
[ 2464983] BODY: b0301
[ 2464987] BODY: c013       [0x06]KE4PML[0x14][0x14][0x14][0x0F]
[ 2465070] HEAD: [0x8F]FF
[ 2465075] BODY: b0301
[ 2465079] BODY: c013       [0x06]KE4PLL[0x14][0x14][0x14][0x0F]
[ 2465222] HEAD: [0x8F]FF
[ 2465227] BODY: b0301
[ 2465231] BODY: c013       [0x06]KE4PKL[0x14][0x14][0x14][0x0F]
[ 2465471] HEAD: [0x8F]FF
[ 2465476] BODY: b0301
[ 2465480] BODY: c013       [0x06]KE4PJL[0x14][0x14][0x14][0x0F]
[ 2465563] HEAD: [0x8F]FF
[ 2465567] BODY: b0301
[ 2465571] BODY: c013       [0x06]KE4PIL[0x14][0x14][0x14][0x0F]
[ 2466212] HEAD: [0x8F]01
[ 2466216] BODY: b0301
[ 2466220] BODY: c013       [0x06]KE4PJL[0x14][0x14][0x14][0x0F]
[ 2467055] HEAD: [0x8A]
[ 2467057] BODY: c514
[ 2467234] HEAD: [0xB0]
[ 2467440] HEAD: [0x8F]01
[ 2467442] BODY: b0301
[ 2467446] BODY: c014       [0x06]KE4PJM[0x14][0x14][0x14][0x0F]
[ 2467529] HEAD: [0x8F]01
[ 2467534] BODY: b0301
[ 2467538] BODY: c014       [0x06]KE4PJN[0x14][0x14][0x14][0x0F]
[ 2467741] HEAD: [0x8F]01
[ 2467744] BODY: b0301
[ 2467748] BODY: c014       [0x06]KE4PJO[0x14][0x14][0x14][0x0F]
[ 2467831] HEAD: [0x8F]01
[ 2467835] BODY: b0301
[ 2467839] BODY: c014       [0x06]KE4PJP[0x14][0x14][0x14][0x0F]
[ 2468062] HEAD: [0x8F]01
[ 2468067] BODY: b0301
[ 2468071] BODY: c014       [0x06]KE4PJQ[0x14][0x14][0x14][0x0F]
[ 2468154] HEAD: [0x8F]01
[ 2468159] BODY: b0301
[ 2468163] BODY: c014       [0x06]KE4PJR[0x14][0x14][0x14][0x0F]
[ 2468306] HEAD: [0x8F]01
[ 2468311] BODY: b0301
[ 2468315] BODY: c014       [0x06]KE4PJS[0x14][0x14][0x14][0x0F]
[ 2468736] HEAD: [0x8F]01
[ 2468739] BODY: b0301
[ 2468743] BODY: c014       [0x06]KE4PJT[0x14][0x14][0x14][0x0F]
[ 2468886] HEAD: [0x8F]02
[ 2468892] BODY: b0301
[ 2468896] BODY: c014       [0x06]KE4PJV[0x14][0x14][0x14][0x0F]
[ 2468979] HEAD: [0x8F]01
[ 2468985] BODY: b0301
[ 2468989] BODY: c014       [0x06]KE4PJW[0x14][0x14][0x14][0x0F]
[ 2469072] HEAD: [0x8F]01
[ 2469076] BODY: b0301
[ 2469080] BODY: c014       [0x06]KE4PJX[0x14][0x14][0x14][0x0F]
[ 2469223] HEAD: [0x8F]01
[ 2469228] BODY: b0301
[ 2469232] BODY: c014       [0x06]KE4PJY[0x14][0x14][0x14][0x0F]
[ 2469903] HEAD: [0x8F]FF
[ 2469908] BODY: b0301
[ 2469912] BODY: c014       [0x06]KE4PJX[0x14][0x14][0x14][0x0F]
[ 2470645] HEAD: [0x8A]
[ 2470648] BODY: c515
[ 2470807] HEAD: [0xB0]
[ 2471091] HEAD: [0x8F]02
[ 2471095] BODY: b0301
[ 2471099] BODY: c015       [0x06]KE4PJXY[0x14][0x14][0x0F]
[ 2471242] HEAD: [0x8F]01
[ 2471247] BODY: b0301
[ 2471251] BODY: c015       [0x06]KE4PJXZ[0x14][0x14][0x0F]
[ 2471861] HEAD: [0x8F]01
[ 2471867] BODY: b0301
[ 2471871] BODY: c015       [0x06]KE4PJX-[0x14][0x14][0x0F]
[ 2472739] HEAD: [0x8A]
[ 2472741] BODY: c516
[ 2472916] HEAD: [0xB0]
[ 2473064] HEAD: [0x8F]01
[ 2473068] BODY: b0301
[ 2473072] BODY: c016       [0x06]KE4PJX--[0x14][0x0F]
[ 2473323] HEAD: [0x8F]01
[ 2473326] BODY: b0301
[ 2473330] BODY: c016       [0x06]KE4PJX-0[0x14][0x0F]
[ 2473413] HEAD: [0x8F]01
[ 2473417] BODY: b0301
[ 2473421] BODY: c016       [0x06]KE4PJX-1[0x14][0x0F]
[ 2473505] HEAD: [0x8F]01
[ 2473509] BODY: b0301
[ 2473513] BODY: c016       [0x06]KE4PJX-2[0x14][0x0F]
[ 2473656] HEAD: [0x8F]02
[ 2473661] BODY: b0301
[ 2473665] BODY: c016       [0x06]KE4PJX-4[0x14][0x0F]
[ 2473748] HEAD: [0x8F]01
[ 2473754] BODY: b0301
[ 2473758] BODY: c016       [0x06]KE4PJX-5[0x14][0x0F]
[ 2473841] HEAD: [0x8F]01
[ 2473845] BODY: b0301
[ 2473849] BODY: c016       [0x06]KE4PJX-6[0x14][0x0F]
[ 2474483] HEAD: [0x8F]01
[ 2474487] BODY: b0301
[ 2474491] BODY: c016       [0x06]KE4PJX-7[0x14][0x0F]
[ 2474695] HEAD: [0x8F]01
[ 2474699] BODY: b0301
[ 2474703] BODY: c016       [0x06]KE4PJX-8[0x14][0x0F]
[ 2475095] HEAD: [0x8F]01
[ 2475099] BODY: b0301
[ 2475103] BODY: c016       [0x06]KE4PJX-9[0x14][0x0F]
[ 2477783] HEAD: [0x8A]
[ 2477786] BODY: c517
[ 2477954] HEAD: [0xB0]
[ 2478707] HEAD: [0x8C]
[ 2478741] BODY: b0301200
[ 2478745] BODY: c000        KE4PJX-9  
[ 2478948] HEAD: [0xB0]
[ 2480758] HEAD: [0x8C]
[ 2480761] BODY: b03014B0
[ 2480765] BODY: c009       [0x06]KE4PJX-9[0x14][0x0F]
[ 2480973] HEAD: [0xB0]
[ 2481795] HEAD: [0x8C]
[ 2481829] BODY: b0301200
[ 2481833] BODY: c000        KE4PJX-9  
[ 2482003] HEAD: [0xB0]
[ 2483879] HEAD: [0x88]
[ 2483882] BODY: b0301000
[ 2483979] HEAD: [0xB0]
[ 2486334] HEAD: [0x8C]
[ 2486337] BODY: b0301200
[ 2486341] BODY: c000        KE4PJX-9  
[ 2486399] HEAD: [0xB0]
[ 2486884] HEAD: [0x8F]01
[ 2486889] BODY: b0302200
[ 2486893] BODY: c000          NOT USED
[ 2487426] HEAD: [0x8F]01
[ 2487430] BODY: b0303200
[ 2487434] BODY: c000               OFF
[ 2488219] HEAD: [0x8F]01
[ 2488222] BODY: b0304200
[ 2488226] BODY: c000                  
[ 2488761] HEAD: [0x8F]01
[ 2488767] BODY: b0305200
[ 2488771] BODY: c000               OFF
[ 2489483] HEAD: [0x8F]01
[ 2489488] BODY: b0306200
[ 2489492] BODY: c000          Off Duty
[ 2490143] HEAD: [0x8F]01
[ 2490149] BODY: b0307200
[ 2490153] BODY: c000               OFF
[ 2490935] HEAD: [0x8F]01
[ 2490941] BODY: b0308200
[ 2490942] BODY: c3000
[ 2491530] HEAD: [0x8F]01
[ 2491534] BODY: b0309200
[ 2491538] BODY: c000                  
[ 2492562] HEAD: [0x8F]FF
[ 2492566] BODY: b0308200
[ 2492567] BODY: c3000
[ 2493243] HEAD: [0x8C]
[ 2493247] BODY: b0308300
[ 2493248] BODY: c3000
[ 2493421] HEAD: [0xB0]
[ 2494758] HEAD: [0x8F]01
[ 2494762] BODY: c3001
[ 2494888] HEAD: [0x8F]01
[ 2494893] BODY: c3002
[ 2495110] HEAD: [0x8F]01
[ 2495113] BODY: c3003
[ 2495360] HEAD: [0x8F]01
[ 2495366] BODY: c3004
[ 2496137] HEAD: [0x8F]01
[ 2496142] BODY: c3005
[ 2496861] HEAD: [0x8F]01
[ 2496865] BODY: c3006
[ 2497517] HEAD: [0x8F]01
[ 2497521] BODY: c3007
[ 2498512] HEAD: [0x8C]
[ 2498545] BODY: b0308200
[ 2498546] BODY: c3007
[ 2498732] HEAD: [0xB0]
[ 2500523] HEAD: [0x88]
[ 2500527] BODY: b0308000
[ 2500622] HEAD: [0xB0]
[ 2501965] HEAD: [0x8C]
[ 2501969] BODY: b0308200
[ 2501970] BODY: c3007
[ 2502156] HEAD: [0xB0]
[ 2503241] HEAD: [0x8F]01
[ 2503247] BODY: b0309200
[ 2503251] BODY: c000                  
[ 2504162] HEAD: [0x8F]01
[ 2504165] BODY: b030A200
[ 2504169] BODY: c000               OFF
[ 2504876] HEAD: [0x8F]01
[ 2504881] BODY: b030B200
[ 2504885] BODY: c000                  
[ 2505538] HEAD: [0x8F]01
[ 2505541] BODY: b030C200
[ 2505545] BODY: c000            MANUAL
[ 2506519] HEAD: [0x8F]01
[ 2506524] BODY: b030D200
[ 2506528] BODY: c000             3 min
[ 2507311] HEAD: [0x8F]01
[ 2507316] BODY: b030E200
[ 2507320] BODY: c000        APK101    
[ 2508265] HEAD: [0x8F]01
[ 2508270] BODY: b030F200
[ 2508274] BODY: c000               ALL
[ 2508955] HEAD: [0x8F]01
[ 2508959] BODY: b030G200
[ 2508963] BODY: c000              mile
[ 2509497] HEAD: [0x8F]01
[ 2509503] BODY: b030H200
[ 2509507] BODY: c000                [0xDF]F
[ 2510100] HEAD: [0x8F]01
[ 2510103] BODY: b030I200
[ 2510107] BODY: c000                 A
[ 2510702] HEAD: [0x8F]01
[ 2510705] BODY: b030J200
[ 2510709] BODY: c000          1200 bps
[ 2511988] HEAD: [0x8C]
[ 2511991] BODY: b030J300
[ 2511995] BODY: c000          1200 bps
[ 2512208] HEAD: [0xB0]
[ 2512880] HEAD: [0x8F]01
[ 2512889] BODY: c000          9600 bps
[ 2513446] HEAD: [0x8C]
[ 2513450] BODY: b030J200
[ 2513454] BODY: c000          9600 bps
[ 2513656] HEAD: [0xB0]
[ 2515270] HEAD: [0x88]
[ 2515274] BODY: b030J000
[ 2515377] HEAD: [0xB0]
[ 2515805] HEAD: [0x88]
[ 2515807] BODY: 20
[ 2515808] BODY: P0   
[ 2515901] HEAD: [0xB0]
[ 2575058] HEAD: [0x87]
[ 2575061] BODY: 41
[ 2575062] BODY: P<  1
[ 2576009] HEAD: [0x97]
[ 2576012] BODY: 42
[ 2576013] BODY: P0   
[ 2576277] HEAD: [0xB0]
[ 2577641] HEAD: [0x84]
[ 2577644] BODY: 21
[ 2577645] BODY: 31
[ 2577649] BODY: V12           OPENING TNC
[ 2577650] BODY: 40
[ 2577651] BODY: P0   
[ 2577651] BODY: Z1
[ 2577652] BODY: 6002
[ 2577653] BODY: m00
[ 2577801] HEAD: [0xB0]
[ 2580038] BODY: P0   
[ 2583490] BODY: V0
[ 2583491] BODY: P0   
[ 2585614] HEAD: [0x8F]01
[ 2585620] BODY: R0        
[ 2585622] BODY: N0144.005  
[ 2585623] BODY: P0   
[ 2585623] BODY: J0
[ 2585624] BODY: L00
[ 2585694] BODY: J1
[ 2585694] BODY: L60
[ 2586575] HEAD: [0x8F]FF
[ 2586581] BODY: R0        
[ 2586583] BODY: N0144.000  
[ 2586584] BODY: P0   
[ 2586585] BODY: J0
[ 2586585] BODY: L00
[ 2586694] BODY: J1
[ 2586694] BODY: L60
[ 2588261] HEAD: [0x87]
[ 2588263] BODY: 41
[ 2588264] BODY: P<  1
[ 2589243] HEAD: [0x97]
[ 2589247] BODY: 42
[ 2589248] BODY: P0   
[ 2589481] HEAD: [0xB0]
[ 2590449] HEAD: [0x84]
[ 2590453] BODY: 32
[ 2590458] BODY: V12           OPENING TNC
[ 2590458] BODY: 40
[ 2590459] BODY: P0   
[ 2590684] HEAD: [0xB0]
[ 2595242] BODY: V0
[ 2595243] BODY: P0   
[ 2595245] BODY: 6001
[ 2598664] HEAD: [0x80]0
[ 2598667] BODY: 00
[ 2600906] HEAD: [0x80]1
[ 2600906] BODY: 01
[ 2601006] BODY: i
[ 2601007] BODY: ;1
[ 2601007] BODY: [0xCC]7
[ 2601008] BODY: j1
[ 2601010] BODY: dHELLO !!
[ 2601010] BODY: 11
[ 2601011] BODY: 54
[ 2601011] HEAD: [0xC0]0B
[ 2601011] BODY: =0
[ 2601012] BODY: Z4
[ 2601012] HEAD: [0xC1]00
[ 2601012] BODY: [4
[ 2601013] BODY: 700
[ 2601013] HEAD: [0xC2]12
[ 2601013] BODY: F0
[ 2601014] BODY: J0
[ 2601014] HEAD: [0xC3]00
[ 2601015] BODY: L00
[ 2601015] BODY: B0
[ 2601016] BODY: @0
[ 2601016] BODY: D0
[ 2601017] BODY: G0
[ 2601017] BODY: K0
[ 2601018] BODY: M00
[ 2601018] BODY: C0
[ 2601019] BODY: A0
[ 2601019] BODY: E0
[ 2601020] BODY: 20
[ 2601020] BODY: 4G
[ 2601021] BODY: k0
[ 2601022] BODY: X000
[ 2601023] BODY: H000
[ 2601025] BODY: R0        
[ 2601027] BODY: N0144.000  
[ 2601028] BODY: P0   
[ 2601029] BODY: Y000
[ 2601030] BODY: I000
[ 2601032] BODY: S1REMOTE CON
[ 2601033] BODY: Y??3
[ 2601035] BODY: O0440.000  
[ 2601036] BODY: P0   
[ 2601037] BODY: Q0   
[ 2601130] BODY: L02
[ 2601131] BODY: M00
[ 2601133] BODY: M04
[ 2601326] BODY: L12
[ 2604786] HEAD: [0x80]0
[ 2604787] BODY: 00
[ 2624346] BODY: ;1
[ 2624346] BODY: <7
[ 2624347] BODY: 2K
[ 2624347] BODY: e0
[ 2624477] HEAD: [0x80]2
[ 2624977] HEAD: [0x80]2
[ 2625477] HEAD: [0x80]2
[ 2625977] HEAD: [0x80]2
[ 2626477] HEAD: [0x80]2
[ 2626977] HEAD: [0x80]2
[ 2628628] BODY: i
[ 2628629] BODY: ;1
[ 2628629] BODY: [0xCC]7
[ 2628630] BODY: j0
[ 2628631] BODY: dHELLO !!
[ 2628632] BODY: 11
[ 2628632] BODY: 50
[ 2628633] BODY: =0
[ 2628633] BODY: Z0
[ 2628634] BODY: [0
[ 2628635] BODY: 700
[ 2628635] BODY: F0
[ 2628636] BODY: J0
[ 2628636] BODY: L00
[ 2628637] BODY: B0
[ 2628637] BODY: @0
[ 2628638] BODY: D0
[ 2628638] BODY: G0
[ 2628639] BODY: K0
[ 2628640] BODY: M00
[ 2628640] BODY: C0
[ 2628641] BODY: A0
[ 2628641] BODY: E0
[ 2628642] BODY: 20
[ 2628642] BODY: 40
[ 2628643] BODY: k0
[ 2628644] BODY: X000
[ 2628645] BODY: H000
[ 2628646] BODY: R0        
[ 2628649] BODY: N0144.000  
[ 2628650] BODY: P0   
[ 2628650] BODY: Y000
[ 2628651] BODY: I000
[ 2628653] BODY: S0        
[ 2628655] BODY: O0440.000  
[ 2628656] BODY: P0   
[ 2628657] BODY: Q0   
[ 2628751] BODY: 01
[ 2628752] BODY: i
[ 2628752] BODY: ;1
[ 2628753] BODY: [0xCC]7
[ 2628753] BODY: j0
[ 2628755] BODY: dHELLO !!
[ 2628755] BODY: 11
[ 2628756] BODY: 50
[ 2628757] BODY: =0
[ 2628757] BODY: Z0
[ 2628759] BODY: [0  
[ 2628760] BODY: P0   
[ 2628761] BODY: Q0   
[ 2628762] BODY: Y000
[ 2628763] BODY: I000
[ 2628765] BODY: S0        
[ 2628766] HEAD: [0xC0]0B
[ 2628767] BODY: O0440.000  
[ 2628767] HEAD: [0xC1]00
[ 2628768] BODY: P0   
[ 2628768] HEAD: [0xC2]12
[ 2628769] BODY: Q0   
[ 2628769] BODY: 01
[ 2628770] HEAD: [0xC3]00
[ 2628770] BODY: i
[ 2628770] BODY: ;1
[ 2628771] BODY: [0xCC]7
[ 2628771] BODY: j0
[ 2628773] BODY: dHELLO !!
[ 2628773] BODY: 11
[ 2628774] BODY: 50
[ 2628774] BODY: =0
[ 2628775] BODY: Z0
[ 2628775] BODY: [0
[ 2628776] BODY: 700
[ 2628777] BODY: F0
[ 2628777] BODY: J0
[ 2628778] BODY: L00
[ 2628778] BODY: B0
[ 2628779] BODY: @0
[ 2628779] BODY: D0
[ 2628780] BODY: G0
[ 2628781] BODY: K0
[ 2628781] BODY: M00
[ 2628782] BODY: C0
[ 2628782] BODY: A0
[ 2628783] BODY: E0
[ 2628783] BODY: 20
[ 2628784] BODY: 40
[ 2628784] BODY: k0
[ 2628785] BODY: X000
[ 2628786] BODY: H000
[ 2628788] BODY: R0        
[ 2628832] BODY: N0144.000  
[ 2628833] HEAD: [0x13][0x11][0xC0]0B
[ 2628833] BODY: P0   
[ 2628834] BODY: Q0   
[ 2628834] HEAD: [0xC1]00
[ 2628835] BODY: Y000
[ 2628835] HEAD: [0xC2]12
[ 2628836] BODY: I000
[ 2628836] HEAD: [0xC3]00
[ 2628837] BODY: S0        
[ 2628840] BODY: O0440.000  
[ 2628841] BODY: P0   
[ 2628842] BODY: Q0   
[ 2628843] BODY: J1
[ 2628844] BODY: L50
[ 2628945] BODY: L60
[ 2629748] BODY: 0
[ 2629750] BODY: R0        
[ 2629752] BODY: N0144.000  
[ 2629754] BODY: S0        
[ 2629756] BODY: O0440.000  
[ 2629757] BODY: P0   
[ 2629758] BODY: Q0   
[ 2634388] HEAD: [0x87]
[ 2634391] BODY: 41
[ 2634392] BODY: P<  1
[ 2635329] HEAD: [0x97]
[ 2635332] BODY: 42
[ 2635333] BODY: P0   
[ 2635554] HEAD: [0xB0]
[ 2636543] HEAD: [0x84]
[ 2636546] BODY: 21
[ 2636546] BODY: 31
[ 2636551] BODY: V12           OPENING TNC
[ 2636551] BODY: 40
[ 2636552] BODY: P0   
[ 2636553] BODY: Z1
[ 2636554] BODY: 6001
[ 2636554] BODY: m00
[ 2636801] HEAD: [0xB0]
[ 2644483] HEAD: [0xC0]0C
[ 2644549] HEAD: [0xC0]0E
[ 2644589] HEAD: [0xC0]0F
[ 2644629] HEAD: [0xC0]10
[ 2644650] HEAD: [0xC0]11
[ 2644690] HEAD: [0xC0]12
[ 2644730] HEAD: [0xC0]13
[ 2646352] HEAD: [0xC0]15
[ 2646392] HEAD: [0xC0]16
[ 2646412] HEAD: [0xC0]17
[ 2646432] HEAD: [0xC0]18
[ 2646452] HEAD: [0xC0]19
[ 2646472] HEAD: [0xC0]19
[ 2646512] HEAD: [0xC0]1A
[ 2646572] HEAD: [0xC0]1B
[ 2646658] HEAD: [0xC0]1C
[ 2646718] HEAD: [0xC0]1D
[ 2646778] HEAD: [0xC0]1E
[ 2647008] HEAD: [0xC0]1D
[ 2647028] HEAD: [0xC0]1C
[ 2647048] HEAD: [0xC0]1B
[ 2647195] HEAD: [0x80]2
[ 2647196] BODY: 01
[ 2647244] HEAD: [0xC0]16
[ 2647296] BODY: i
[ 2647296] BODY: ;1
[ 2647297] BODY: [0xCC]7
[ 2647297] BODY: j0
[ 2647299] BODY: dHELLO !!
[ 2647299] BODY: 11
[ 2647300] BODY: 50
[ 2647300] BODY: =0
[ 2647301] HEAD: [0xC0]16
[ 2647301] BODY: Z0
[ 2647301] BODY: [0
[ 2647302] HEAD: [0xC1]00
[ 2647302] BODY: 700
[ 2647303] BODY: F0
[ 2647303] HEAD: [0xC2]12
[ 2647303] BODY: J0
[ 2647304] BODY: L00
[ 2647304] HEAD: [0xC3]00
[ 2647304] BODY: B0
[ 2647305] BODY: @0
[ 2647305] BODY: D0
[ 2647306] BODY: G0
[ 2647306] BODY: K0
[ 2647307] BODY: M00
[ 2647308] BODY: C0
[ 2647308] BODY: A0
[ 2647309] BODY: E0
[ 2647309] BODY: 20
[ 2647310] BODY: 40
[ 2647310] BODY: k0
[ 2647311] BODY: X000
[ 2647312] BODY: H000
[ 2647314] BODY: R0        
[ 2647316] BODY: N0144.000  
[ 2647317] BODY: P0   
[ 2647318] BODY: Y000
[ 2647319] BODY: I000
[ 2647321] BODY: S0        
[ 2647323] BODY: O0440.000  
[ 2647324] BODY: P0   
[ 2647325] BODY: Q0   
[ 2647419] BODY: 6001
[ 2647419] BODY: m00
[ 2647814] BODY: J1
[ 2647814] BODY: L60
[ 2649813] BODY: 21
[ 2649813] BODY: 31
[ 2649818] BODY: V12           OPENING TNC
[ 2649819] BODY: P0   
[ 2649819] BODY: Z1
[ 2652818] BODY: V0
[ 2652819] BODY: P0   
[ 2663240] HEAD: [0xC0]15
[ 2663280] HEAD: [0xC0]14
[ 2663320] HEAD: [0xC0]13
[ 2663360] HEAD: [0xC0]12
[ 2663380] HEAD: [0xC0]11
[ 2663400] HEAD: [0xC0]10
[ 2663420] HEAD: [0xC0]0F
[ 2663460] HEAD: [0xC0]0E
[ 2663480] HEAD: [0xC0]0D
[ 2663520] HEAD: [0xC0]0C
[ 2663560] HEAD: [0xC0]0B
[ 2663600] HEAD: [0xC0]0A
[ 2663640] HEAD: [0xC0]09
[ 2663680] HEAD: [0xC0]08
[ 2664080] HEAD: [0xC1]02
[ 2664100] HEAD: [0xC1]04
[ 2664120] HEAD: [0xC1]07
[ 2664140] HEAD: [0xC1]0A
[ 2664160] HEAD: [0xC1]0C
[ 2664180] HEAD: [0xC1]0F
[ 2664200] HEAD: [0xC1]11
[ 2664220] HEAD: [0xC1]13
[ 2664240] HEAD: [0xC1]16
[ 2664260] HEAD: [0xC1]18
[ 2664280] HEAD: [0xC1]1A
[ 2664300] HEAD: [0xC1]1B
[ 2664920] HEAD: [0xC0]09
[ 2664961] HEAD: [0xC0]0A
[ 2665240] HEAD: [0xC0]0B
[ 2665260] HEAD: [0xC0]0C
[ 2665280] HEAD: [0xC0]0D
[ 2665300] HEAD: [0xC0]0E
[ 2665321] HEAD: [0xC0]0F
[ 2665341] HEAD: [0xC0]10
[ 2665360] HEAD: [0xC0]11
[ 2665380] HEAD: [0xC0]12
[ 2665420] HEAD: [0xC0]13
[ 2665740] HEAD: [0xC1]1A
[ 2665760] HEAD: [0xC1]18
[ 2665780] HEAD: [0xC1]15
[ 2665801] HEAD: [0xC1]12
[ 2665821] HEAD: [0xC1]0F
[ 2665841] HEAD: [0xC1]0D
[ 2665860] HEAD: [0xC1]0A
[ 2665880] HEAD: [0xC1]08
[ 2665901] HEAD: [0xC1]05
[ 2665921] HEAD: [0xC1]03
[ 2665941] HEAD: [0xC1]00
[ 2669643] HEAD: [0x82]
[ 2669645] BODY: 22
[ 2669647] BODY: b0111000
[ 2669795] HEAD: [0xB0]
[ 2673063] HEAD: [0x8F]01
[ 2673067] BODY: b0201000
[ 2673544] HEAD: [0x8F]01
[ 2673548] BODY: b0301000
[ 2674659] HEAD: [0x8C]
[ 2674662] BODY: b0301200
[ 2674666] BODY: c000        NOCALL    
[ 2674784] HEAD: [0xB0]
[ 2675721] HEAD: [0x8F]01
[ 2675726] BODY: b0302200
[ 2675730] BODY: c000          NOT USED
[ 2676263] HEAD: [0x8F]01
[ 2676267] BODY: b0303200
[ 2676271] BODY: c000               OFF
[ 2676449] HEAD: [0x8F]01
[ 2676452] BODY: b0304200
[ 2676456] BODY: c000                  
[ 2676566] HEAD: [0x8F]01
[ 2676572] BODY: b0305200
[ 2676576] BODY: c000               OFF
[ 2676643] HEAD: [0x8F]01
[ 2676647] BODY: b0306200
[ 2676651] BODY: c000          Off Duty
[ 2677169] HEAD: [0x8F]01
[ 2677172] BODY: b0307200
[ 2677176] BODY: c000               OFF
[ 2677234] HEAD: [0x8F]01
[ 2677241] BODY: b0308200
[ 2677242] BODY: c3000
[ 2677706] HEAD: [0x8F]01
[ 2677710] BODY: b0309200
[ 2677714] BODY: c000                  
[ 2677922] HEAD: [0x8F]01
[ 2677925] BODY: b030A200
[ 2677929] BODY: c000               OFF
[ 2678106] HEAD: [0x8F]01
[ 2678110] BODY: b030B200
[ 2678114] BODY: c000                  
[ 2678766] HEAD: [0x8F]01
[ 2678770] BODY: b030C200
[ 2678774] BODY: c000            MANUAL
[ 2679017] HEAD: [0x8F]01
[ 2679022] BODY: b030D200
[ 2679026] BODY: c000             3 min
[ 2679559] HEAD: [0x8F]01
[ 2679563] BODY: b030E200
[ 2679567] BODY: c000        APK101    
[ 2680101] HEAD: [0x8F]01
[ 2680104] BODY: b030F200
[ 2680108] BODY: c000               ALL
[ 2680513] HEAD: [0x8F]01
[ 2680520] BODY: b030G200
[ 2680524] BODY: c000              mile
[ 2681015] HEAD: [0x8F]01
[ 2681020] BODY: b030H200
[ 2681024] BODY: c000                [0xDF]F
[ 2681497] HEAD: [0x8F]02
[ 2681500] BODY: b030J200
[ 2681504] BODY: c000          1200 bps
[ 2681747] HEAD: [0x8F]01
[ 2681750] BODY: b030K200
[ 2681754] BODY: c000               OFF
[ 2682350] HEAD: [0x8F]FF
[ 2682354] BODY: b030J200
[ 2682358] BODY: c000          1200 bps
[ 2682938] HEAD: [0x8C]
[ 2682942] BODY: b030J300
[ 2682946] BODY: c000          1200 bps
[ 2683134] HEAD: [0xB0]
[ 2683504] HEAD: [0x8F]01
[ 2683514] BODY: c000          9600 bps
[ 2684391] HEAD: [0x8C]
[ 2684397] BODY: b030J200
[ 2684401] BODY: c000          9600 bps
[ 2684402] BODY: 6002
[ 2684632] HEAD: [0xB0]
[ 2685704] HEAD: [0x87]
[ 2685707] BODY: 21
[ 2685709] BODY: P0   
[ 2685866] HEAD: [0xB0]
[ 2687969] HEAD: [0x80]0
[ 2687970] BODY: 00
[ 2690377] HEAD: [0x80]1
[ 2690378] BODY: 01
[ 2690477] BODY: i
[ 2690478] BODY: ;1
[ 2690479] BODY: [0xCC]7
[ 2690479] BODY: j1
[ 2690481] BODY: dHELLO !!
[ 2690481] BODY: 11
[ 2690482] BODY: 54
[ 2690482] BODY: =0
[ 2690483] HEAD: [0xC0]13
[ 2690483] BODY: Z4
[ 2690483] BODY: [4
[ 2690484] HEAD: [0xC1]00
[ 2690484] BODY: 700
[ 2690485] BODY: F0
[ 2690485] HEAD: [0xC2]12
[ 2690485] BODY: J0
[ 2690486] BODY: L00
[ 2690486] HEAD: [0xC3]00
[ 2690486] BODY: B0
[ 2690487] BODY: @0
[ 2690487] BODY: D0
[ 2690488] BODY: G0
[ 2690488] BODY: K0
[ 2690489] BODY: M00
[ 2690490] BODY: C0
[ 2690490] BODY: A0
[ 2690491] BODY: E0
[ 2690491] BODY: 20
[ 2690492] BODY: 4G
[ 2690492] BODY: k0
[ 2690493] BODY: X000
[ 2690494] BODY: H000
[ 2690496] BODY: R0        
[ 2690498] BODY: N0144.000  
[ 2690499] BODY: P0   
[ 2690500] BODY: Y000
[ 2690501] BODY: I000
[ 2690503] BODY: S1REMOTE CON
[ 2690504] BODY: Y??3
[ 2690506] BODY: O0440.000  
[ 2690507] BODY: P0   
[ 2690508] BODY: Q0   
[ 2690602] BODY: L04
[ 2690602] BODY: M00
[ 2690604] BODY: M04
[ 2690797] BODY: L14
[ 2691314] BODY: 21
[ 2691314] BODY: 34
[ 2691319] BODY: W12           OPENING TNC
[ 2691320] BODY: P0   
[ 2691320] BODY: [1
[ 2694758] BODY: W0
[ 2694759] BODY: P0   
[ 2694760] BODY: 25
[ 2694762] BODY: 6022
[ 2694763] BODY: m00
[ 2694801] BODY: [4
